<?xml version="1.0" encoding="UTF-8"?>
<!-- Generated by org.testng.reporters.JUnitXMLReporter -->
<testsuite hostname="DESKTOP-H56ODVN" name="Test supplier Company verification" tests="2" failures="0" timestamp="28 Dec 2017 14:37:06 GMT" time="124.298" errors="0">
  <testcase name="Initialize" time="0.001" classname="com.tradeleaves.backoffice.testcases.companyverification.Run_CompanyVerificationTest"/>
  <testcase name="testCompanyVerification" time="117.314" classname="com.tradeleaves.backoffice.testcases.companyverification.Run_CompanyVerificationTest"/>
</testsuite> <!-- Test supplier Company verification -->
