<html xmlns:math="http://exslt.org/math" xmlns:testng="http://testng.org">
   <head>
      <title>TestNG Results</title>
      <meta http-equiv="content-type" content="text/html; charset=utf-8"></meta>
      <meta http-equiv="pragma" content="no-cache"></meta>
      <meta http-equiv="cache-control" content="max-age=0"></meta>
      <meta http-equiv="cache-control" content="no-cache"></meta>
      <meta http-equiv="cache-control" content="no-store"></meta>
      <LINK rel="stylesheet" href="style.css"></LINK>
      <script type="text/javascript" src="main.js"></script>
   </head>
   <body>
      <table width="100%" style="font-size: 16px; margin-bottom: 10px;" cellspacing="1">
         <tr>
            <td width="100%">
               All methods in suite
               
               <b>Business_Flow</b>
            </td>
            <td style="background-color: #FFBBBB; padding: 3px 3px 3px 0;" align="center">
               <div style="width: 50px;">1</div>
            </td>
            <td style="background-color: lightgreen; padding: 3px 3px 3px 0;" align="center">
               <div style="width: 50px;">1</div>
            </td>
            <td style="background-color: #FFFFBB; padding: 3px 3px 3px 0;" align="center">
               <div style="width: 50px;">0</div>
            </td>
            <td align="center" style="background-color: #eaf0f7; padding: 3px 3px 3px 0;">
               <div style="width: 50px;">2</div>
            </td>
            <td align="center"
                style="font-weight: bold; background-color: #eaf0f7; padding: 3px 3px 3px 0;">
               <div style="width: 50px;">50%</div>
            </td>
            <td style="background-color: #eaf0f7; padding: 3px 3px 3px 0;" align="center"
                nowrap="true">35s
               
            </td>
         </tr>
      </table>
      <div style="width: 200px;">
         <label for="groupMethodsCheckBox" style="font-weight: bold; margin: 0;">
            <input id="groupMethodsCheckBox" type="checkbox" onclick="switchTestMethodsView(this)"></input>
            Group by class
            
         </label>
         <br></br>
         <label for="methodsFilter_ALL" style="font-weight: bold; margin: 0;">
            <input id="methodsFilter_ALL" type="checkbox"
                   onclick="testMethodsFilterChanged(this, 'ALL')"></input>
            All
            
         </label>
      </div>
      <label for="methodsFilter_FAIL" style="margin-left: 20px;">
         <input id="methodsFilter_FAIL" type="checkbox"
                onclick="testMethodsFilterChanged(this, 'FAIL')"
                checked=""></input>
         Failed
         
      </label>
      <label for="methodsFilter_PASS">
         <input id="methodsFilter_PASS" type="checkbox"
                onclick="testMethodsFilterChanged(this, 'PASS')"
                checked=""></input>
         Passed
         
      </label>
      <label for="methodsFilter_SKIP">
         <input id="methodsFilter_SKIP" type="checkbox"
                onclick="testMethodsFilterChanged(this, 'SKIP')"
                checked=""></input>
         Skipped
         
      </label>
      <label for="methodsFilter_CONF">
         <input id="methodsFilter_CONF" type="checkbox"
                onclick="testMethodsFilterChanged(this, 'CONF')"></input>
         Config
         
      </label>
      <br></br>
      <div id="testMethodsByStatus">
         <table class="testMethodsTable" cellpadding="0" cellspacing="0">
            <tr class="methodsTableHeader">
               <td width="100%">Name</td>
               <td nowrap="true">Started</td>
               <td nowrap="true">Duration</td>
               <td>Exception</td>
            </tr>
            <tr id="com.tradeleaves.marketplace.testcases.businessflow.Run_SupplierFlowTest_testSupplierFlow_byStatus_failed_FAIL1_row"
                class="testMethodStatusFAIL">
               <td width="100%" class="firstMethodCell">
                  <a onclick="toggleDetailsVisibility('com.tradeleaves.marketplace.testcases.businessflow.Run_SupplierFlowTest_testSupplierFlow_byStatus_failed_FAIL1_details')">testSupplierFlow()</a>
               </td>
               <td nowrap="true">19:50:53</td>
               <td nowrap="true" align="right">20s
                  
               </td>
               <td nowrap="true">
                  <a onclick="toggleDetailsVisibility('com.tradeleaves.marketplace.testcases.businessflow.Run_SupplierFlowTest_testSupplierFlow_byStatus_failed_FAIL1_exception')">org.openqa.selenium.InvalidElementStateException: 
                     invalid element state: Element is not currently interactable and may not be manipulated
                     (Session info: chrome=63.0.3239.84)
                     (Driver info: chromedriver=2.33.506120 (e3e53437346286c0bc2d2dc9aa4915ba81d9023f),platform=Windows NT 10.0.16299 x86_64) (WARNING:
                     The server did not provide any stacktrace information)
                     Command duration or timeout: 88 milliseconds
                     Build info: version: 'unknown', revision: '1969d75', time: '2016-10-18 09:43:45 -0700'
                     System info: host: 'DESKTOP-H56ODVN', ip: '192.168.241.244', os.name: 'Windows 10', os.arch: 'amd64', os.version: '10.0',
                     java.version: '1.8.0_151'
                     Driver info: org.openqa.selenium.chrome.ChromeDriver
                     Capabilities [{applicationCacheEnabled=false, rotatable=false, mobileEmulationEnabled=false, networkConnectionEnabled=false,
                     chrome={chromedriverVersion=2.33.506120 (e3e53437346286c0bc2d2dc9aa4915ba81d9023f), userDataDir=C:\Users\MAHESH~1\AppData\Local\Temp\scoped_dir12736_758},
                     takesHeapSnapshot=true, pageLoadStrategy=normal, databaseEnabled=false, handlesAlerts=true, hasTouchScreen=false, version=63.0.3239.84,
                     platform=XP, browserConnectionEnabled=false, nativeEvents=true, acceptSslCerts=true, locationContextEnabled=true, webStorageEnabled=true,
                     browserName=chrome, takesScreenshot=true, javascriptEnabled=true, cssSelectorsEnabled=true, setWindowRect=true, unexpectedAlertBehaviour=}]
                     Session ID: 771688ffdf00402579e2b301af951bb5
                     
                  </a>
                   
                  
               </td>
            </tr>
            <tr>
               <td colspan="4" class="detailsBox">
                  <div id="com.tradeleaves.marketplace.testcases.businessflow.Run_SupplierFlowTest_testSupplierFlow_byStatus_failed_FAIL1_details"
                       class="testMethodDetails">
                     <div>
                        <b>Name: </b>testSupplierFlow
                     </div>
                     <div>
                        <b>Signature: </b>testSupplierFlow()[pri:0, instance:com.tradeleaves.marketplace.testcases.businessflow.Run_SupplierFlowTest@1e67b872]
                     </div>
                     <div>
                        <b>Start time: </b>19:50:53
                     </div>
                     <div>
                        <b>End time: </b>19:51:14
                     </div>
                     <div>
                        <b>Duration: </b>20s
                        
                     </div>
                  </div>
               </td>
            </tr>
            <tr>
               <td colspan="4" class="detailsBox">
                  <div id="com.tradeleaves.marketplace.testcases.businessflow.Run_SupplierFlowTest_testSupplierFlow_byStatus_failed_FAIL1_exception"
                       class="testMethodDetails">
                     <pre style="padding: 5px; margin: 0;">org.openqa.selenium.InvalidElementStateException: invalid element state: Element is not currently interactable and may not
                        be manipulated
                        (Session info: chrome=63.0.3239.84)
                        (Driver info: chromedriver=2.33.506120 (e3e53437346286c0bc2d2dc9aa4915ba81d9023f),platform=Windows NT 10.0.16299 x86_64) (WARNING:
                        The server did not provide any stacktrace information)
                        Command duration or timeout: 88 milliseconds
                        Build info: version: 'unknown', revision: '1969d75', time: '2016-10-18 09:43:45 -0700'
                        System info: host: 'DESKTOP-H56ODVN', ip: '192.168.241.244', os.name: 'Windows 10', os.arch: 'amd64', os.version: '10.0',
                        java.version: '1.8.0_151'
                        Driver info: org.openqa.selenium.chrome.ChromeDriver
                        Capabilities [{applicationCacheEnabled=false, rotatable=false, mobileEmulationEnabled=false, networkConnectionEnabled=false,
                        chrome={chromedriverVersion=2.33.506120 (e3e53437346286c0bc2d2dc9aa4915ba81d9023f), userDataDir=C:\Users\MAHESH~1\AppData\Local\Temp\scoped_dir12736_758},
                        takesHeapSnapshot=true, pageLoadStrategy=normal, databaseEnabled=false, handlesAlerts=true, hasTouchScreen=false, version=63.0.3239.84,
                        platform=XP, browserConnectionEnabled=false, nativeEvents=true, acceptSslCerts=true, locationContextEnabled=true, webStorageEnabled=true,
                        browserName=chrome, takesScreenshot=true, javascriptEnabled=true, cssSelectorsEnabled=true, setWindowRect=true, unexpectedAlertBehaviour=}]
                        Session ID: 771688ffdf00402579e2b301af951bb5
                        	at sun.reflect.NativeConstructorAccessorImpl.newInstance0(Native Method)
                        	at sun.reflect.NativeConstructorAccessorImpl.newInstance(NativeConstructorAccessorImpl.java:62)
                        	at sun.reflect.DelegatingConstructorAccessorImpl.newInstance(DelegatingConstructorAccessorImpl.java:45)
                        	at java.lang.reflect.Constructor.newInstance(Constructor.java:423)
                        	at org.openqa.selenium.remote.ErrorHandler.createThrowable(ErrorHandler.java:216)
                        	at org.openqa.selenium.remote.ErrorHandler.throwIfResponseFailed(ErrorHandler.java:168)
                        	at org.openqa.selenium.remote.RemoteWebDriver.execute(RemoteWebDriver.java:635)
                        	at org.openqa.selenium.remote.RemoteWebElement.execute(RemoteWebElement.java:274)
                        	at org.openqa.selenium.remote.RemoteWebElement.clear(RemoteWebElement.java:116)
                        	at com.tradeleaves.marketplace.utility.Utility.KeywordDataExecution(Utility.java:279)
                        	at com.tradeleaves.marketplace.pages.SupplierFlow.doSupplierFlowIN(SupplierFlow.java:17)
                        	at com.tradeleaves.marketplace.testcases.businessflow.Run_SupplierFlowTest.testSupplierFlow(Run_SupplierFlowTest.java:83)
                        	at sun.reflect.NativeMethodAccessorImpl.invoke0(Native Method)
                        	at sun.reflect.NativeMethodAccessorImpl.invoke(NativeMethodAccessorImpl.java:62)
                        	at sun.reflect.DelegatingMethodAccessorImpl.invoke(DelegatingMethodAccessorImpl.java:43)
                        	at java.lang.reflect.Method.invoke(Method.java:498)
                        	at org.testng.internal.MethodInvocationHelper.invokeMethod(MethodInvocationHelper.java:84)
                        	at org.testng.internal.Invoker.invokeMethod(Invoker.java:714)
                        	at org.testng.internal.Invoker.invokeTestMethod(Invoker.java:901)
                        	at org.testng.internal.Invoker.invokeTestMethods(Invoker.java:1231)
                        	at org.testng.internal.TestMethodWorker.invokeTestMethods(TestMethodWorker.java:127)
                        	at org.testng.internal.TestMethodWorker.run(TestMethodWorker.java:111)
                        	at org.testng.TestRunner.privateRun(TestRunner.java:767)
                        	at org.testng.TestRunner.run(TestRunner.java:617)
                        	at org.testng.SuiteRunner.runTest(SuiteRunner.java:334)
                        	at org.testng.SuiteRunner.runSequentially(SuiteRunner.java:329)
                        	at org.testng.SuiteRunner.privateRun(SuiteRunner.java:291)
                        	at org.testng.SuiteRunner.run(SuiteRunner.java:240)
                        	at org.testng.SuiteRunnerWorker.runSuite(SuiteRunnerWorker.java:52)
                        	at org.testng.SuiteRunnerWorker.run(SuiteRunnerWorker.java:86)
                        	at org.testng.TestNG.runSuitesSequentially(TestNG.java:1224)
                        	at org.testng.TestNG.runSuitesLocally(TestNG.java:1149)
                        	at org.testng.TestNG.run(TestNG.java:1057)
                        	at org.testng.TestNG.privateMain(TestNG.java:1364)
                        	at org.testng.TestNG.main(TestNG.java:1333)
                     </pre>
                  </div>
               </td>
            </tr>
            <tr id="com.tradeleaves.marketplace.testcases.businessflow.Run_SupplierFlowTest_setUp_byStatus_passed_PASS1_row"
                class="testMethodStatusPASS testMethodStatusCONF">
               <td width="100%" class="firstMethodCell">
                  <a onclick="toggleDetailsVisibility('com.tradeleaves.marketplace.testcases.businessflow.Run_SupplierFlowTest_setUp_byStatus_passed_PASS1_details')">setUp(Chrome)</a>
               </td>
               <td nowrap="true">19:50:42</td>
               <td nowrap="true" align="right">12s
                  
               </td>
               <td nowrap="true">
                   
                  
               </td>
            </tr>
            <tr>
               <td colspan="4" class="detailsBox">
                  <div id="com.tradeleaves.marketplace.testcases.businessflow.Run_SupplierFlowTest_setUp_byStatus_passed_PASS1_details"
                       class="testMethodDetails">
                     <div>
                        <b>Name: </b>setUp
                     </div>
                     <div>
                        <b>Signature: </b>setUp(java.lang.String)[pri:0, instance:com.tradeleaves.marketplace.testcases.businessflow.Run_SupplierFlowTest@1e67b872]
                     </div>
                     <div>
                        <b>Parameters: </b>
                        
                        Chrome
                        
                        
                     </div>
                     <div>
                        <b>Start time: </b>19:50:42
                     </div>
                     <div>
                        <b>End time: </b>19:50:53
                     </div>
                     <div>
                        <b>Duration: </b>12s
                        
                     </div>
                  </div>
               </td>
            </tr>
            <tr></tr>
            <tr id="com.tradeleaves.marketplace.testcases.businessflow.Run_SupplierFlowTest_Initialize_byStatus_passed_PASS2_row"
                class="testMethodStatusPASS">
               <td width="100%" class="firstMethodCell">
                  <a onclick="toggleDetailsVisibility('com.tradeleaves.marketplace.testcases.businessflow.Run_SupplierFlowTest_Initialize_byStatus_passed_PASS2_details')">Initialize()</a>
               </td>
               <td nowrap="true">19:50:53</td>
               <td nowrap="true" align="right">24 ms
                  
               </td>
               <td nowrap="true">
                   
                  
               </td>
            </tr>
            <tr>
               <td colspan="4" class="detailsBox">
                  <div id="com.tradeleaves.marketplace.testcases.businessflow.Run_SupplierFlowTest_Initialize_byStatus_passed_PASS2_details"
                       class="testMethodDetails">
                     <div>
                        <b>Name: </b>Initialize
                     </div>
                     <div>
                        <b>Signature: </b>Initialize()[pri:0, instance:com.tradeleaves.marketplace.testcases.businessflow.Run_SupplierFlowTest@1e67b872]
                     </div>
                     <div>
                        <b>Start time: </b>19:50:53
                     </div>
                     <div>
                        <b>End time: </b>19:50:53
                     </div>
                     <div>
                        <b>Duration: </b>24 ms
                        
                     </div>
                  </div>
               </td>
            </tr>
            <tr></tr>
            <tr id="com.tradeleaves.marketplace.testcases.businessflow.Run_SupplierFlowTest_takeScreenShotOnFailure_byStatus_passed_PASS3_row"
                class="testMethodStatusPASS testMethodStatusCONF">
               <td width="100%" class="firstMethodCell">
                  <a onclick="toggleDetailsVisibility('com.tradeleaves.marketplace.testcases.businessflow.Run_SupplierFlowTest_takeScreenShotOnFailure_byStatus_passed_PASS3_details')">takeScreenShotOnFailure([TestResult name=Initialize status=SUCCESS method=Run_SupplierFlowTest.Initialize()[pri:0, instance:com.tradeleaves.marketplace.testcases.businessflow.Run_SupplierFlowTest@1e67b872]
                     output={null}])
                  </a>
               </td>
               <td nowrap="true">19:50:53</td>
               <td nowrap="true" align="right">4 ms
                  
               </td>
               <td nowrap="true">
                   
                  
               </td>
            </tr>
            <tr>
               <td colspan="4" class="detailsBox">
                  <div id="com.tradeleaves.marketplace.testcases.businessflow.Run_SupplierFlowTest_takeScreenShotOnFailure_byStatus_passed_PASS3_details"
                       class="testMethodDetails">
                     <div>
                        <b>Name: </b>takeScreenShotOnFailure
                     </div>
                     <div>
                        <b>Signature: </b>takeScreenShotOnFailure(org.testng.ITestResult)[pri:0, instance:com.tradeleaves.marketplace.testcases.businessflow.Run_SupplierFlowTest@1e67b872]
                     </div>
                     <div>
                        <b>Parameters: </b>
                        
                        [TestResult name=Initialize status=SUCCESS method=Run_SupplierFlowTest.Initialize()[pri:0, instance:com.tradeleaves.marketplace.testcases.businessflow.Run_SupplierFlowTest@1e67b872]
                        output={null}]
                        
                        
                     </div>
                     <div>
                        <b>Start time: </b>19:50:53
                     </div>
                     <div>
                        <b>End time: </b>19:50:53
                     </div>
                     <div>
                        <b>Duration: </b>4 ms
                        
                     </div>
                  </div>
               </td>
            </tr>
            <tr></tr>
            <tr id="com.tradeleaves.marketplace.testcases.businessflow.Run_SupplierFlowTest_takeScreenShotOnFailure_byStatus_passed_PASS4_row"
                class="testMethodStatusPASS testMethodStatusCONF">
               <td width="100%" class="firstMethodCell">
                  <a onclick="toggleDetailsVisibility('com.tradeleaves.marketplace.testcases.businessflow.Run_SupplierFlowTest_takeScreenShotOnFailure_byStatus_passed_PASS4_details')">takeScreenShotOnFailure([TestResult name=testSupplierFlow status=FAILURE method=Run_SupplierFlowTest.testSupplierFlow()[pri:0,
                     instance:com.tradeleaves.marketplace.testcases.businessflow.Run_SupplierFlowTest@1e67b872] output={null}])
                  </a>
               </td>
               <td nowrap="true">19:51:14</td>
               <td nowrap="true" align="right">846 ms
                  
               </td>
               <td nowrap="true">
                   
                  
               </td>
            </tr>
            <tr>
               <td colspan="4" class="detailsBox">
                  <div id="com.tradeleaves.marketplace.testcases.businessflow.Run_SupplierFlowTest_takeScreenShotOnFailure_byStatus_passed_PASS4_details"
                       class="testMethodDetails">
                     <div>
                        <b>Name: </b>takeScreenShotOnFailure
                     </div>
                     <div>
                        <b>Signature: </b>takeScreenShotOnFailure(org.testng.ITestResult)[pri:0, instance:com.tradeleaves.marketplace.testcases.businessflow.Run_SupplierFlowTest@1e67b872]
                     </div>
                     <div>
                        <b>Parameters: </b>
                        
                        [TestResult name=testSupplierFlow status=FAILURE method=Run_SupplierFlowTest.testSupplierFlow()[pri:0, instance:com.tradeleaves.marketplace.testcases.businessflow.Run_SupplierFlowTest@1e67b872]
                        output={null}]
                        
                        
                     </div>
                     <div>
                        <b>Start time: </b>19:51:14
                     </div>
                     <div>
                        <b>End time: </b>19:51:15
                     </div>
                     <div>
                        <b>Duration: </b>846 ms
                        
                     </div>
                  </div>
               </td>
            </tr>
            <tr></tr>
            <tr id="com.tradeleaves.marketplace.testcases.businessflow.Run_SupplierFlowTest_teardown_byStatus_passed_PASS5_row"
                class="testMethodStatusPASS testMethodStatusCONF">
               <td width="100%" class="firstMethodCell">
                  <a onclick="toggleDetailsVisibility('com.tradeleaves.marketplace.testcases.businessflow.Run_SupplierFlowTest_teardown_byStatus_passed_PASS5_details')">teardown()</a>
               </td>
               <td nowrap="true">19:51:15</td>
               <td nowrap="true" align="right">2s
                  
               </td>
               <td nowrap="true">
                   
                  
               </td>
            </tr>
            <tr>
               <td colspan="4" class="detailsBox">
                  <div id="com.tradeleaves.marketplace.testcases.businessflow.Run_SupplierFlowTest_teardown_byStatus_passed_PASS5_details"
                       class="testMethodDetails">
                     <div>
                        <b>Name: </b>teardown
                     </div>
                     <div>
                        <b>Signature: </b>teardown()[pri:0, instance:com.tradeleaves.marketplace.testcases.businessflow.Run_SupplierFlowTest@1e67b872]
                     </div>
                     <div>
                        <b>Start time: </b>19:51:15
                     </div>
                     <div>
                        <b>End time: </b>19:51:16
                     </div>
                     <div>
                        <b>Duration: </b>2s
                        
                     </div>
                  </div>
               </td>
            </tr>
            <tr></tr>
         </table>
      </div>
      <div id="testMethodsByClass" style="display: none;">
         <table class="testMethodsTable" cellpadding="0" cellspacing="0">
            <tr>
               <td colspan="4">
                  <h3 style="display: inline;">com.tradeleaves.marketplace.testcases.businessflow.Run_SupplierFlowTest</h3>
               </td>
            </tr>
            <tr class="methodsTableHeader">
               <td width="100%">Name</td>
               <td nowrap="true">Started</td>
               <td nowrap="true">Duration</td>
               <td>Exception</td>
            </tr>
            <tr id="com.tradeleaves.marketplace.testcases.businessflow.Run_SupplierFlowTest_setUp_byClass_PASS1_row"
                class="testMethodStatusPASS testMethodStatusCONF">
               <td width="100%" class="firstMethodCell">
                  <a onclick="toggleDetailsVisibility('com.tradeleaves.marketplace.testcases.businessflow.Run_SupplierFlowTest_setUp_byClass_PASS1_details')">setUp(Chrome)</a>
               </td>
               <td nowrap="true">19:50:42</td>
               <td nowrap="true" align="right">12s
                  
               </td>
               <td nowrap="true">
                   
                  
               </td>
            </tr>
            <tr>
               <td colspan="4" class="detailsBox">
                  <div id="com.tradeleaves.marketplace.testcases.businessflow.Run_SupplierFlowTest_setUp_byClass_PASS1_details"
                       class="testMethodDetails">
                     <div>
                        <b>Name: </b>setUp
                     </div>
                     <div>
                        <b>Signature: </b>setUp(java.lang.String)[pri:0, instance:com.tradeleaves.marketplace.testcases.businessflow.Run_SupplierFlowTest@1e67b872]
                     </div>
                     <div>
                        <b>Parameters: </b>
                        
                        Chrome
                        
                        
                     </div>
                     <div>
                        <b>Start time: </b>19:50:42
                     </div>
                     <div>
                        <b>End time: </b>19:50:53
                     </div>
                     <div>
                        <b>Duration: </b>12s
                        
                     </div>
                  </div>
               </td>
            </tr>
            <tr></tr>
            <tr id="com.tradeleaves.marketplace.testcases.businessflow.Run_SupplierFlowTest_Initialize_byClass_PASS2_row"
                class="testMethodStatusPASS">
               <td width="100%" class="firstMethodCell">
                  <a onclick="toggleDetailsVisibility('com.tradeleaves.marketplace.testcases.businessflow.Run_SupplierFlowTest_Initialize_byClass_PASS2_details')">Initialize()</a>
               </td>
               <td nowrap="true">19:50:53</td>
               <td nowrap="true" align="right">24 ms
                  
               </td>
               <td nowrap="true">
                   
                  
               </td>
            </tr>
            <tr>
               <td colspan="4" class="detailsBox">
                  <div id="com.tradeleaves.marketplace.testcases.businessflow.Run_SupplierFlowTest_Initialize_byClass_PASS2_details"
                       class="testMethodDetails">
                     <div>
                        <b>Name: </b>Initialize
                     </div>
                     <div>
                        <b>Signature: </b>Initialize()[pri:0, instance:com.tradeleaves.marketplace.testcases.businessflow.Run_SupplierFlowTest@1e67b872]
                     </div>
                     <div>
                        <b>Start time: </b>19:50:53
                     </div>
                     <div>
                        <b>End time: </b>19:50:53
                     </div>
                     <div>
                        <b>Duration: </b>24 ms
                        
                     </div>
                  </div>
               </td>
            </tr>
            <tr></tr>
            <tr id="com.tradeleaves.marketplace.testcases.businessflow.Run_SupplierFlowTest_takeScreenShotOnFailure_byClass_PASS3_row"
                class="testMethodStatusPASS testMethodStatusCONF">
               <td width="100%" class="firstMethodCell">
                  <a onclick="toggleDetailsVisibility('com.tradeleaves.marketplace.testcases.businessflow.Run_SupplierFlowTest_takeScreenShotOnFailure_byClass_PASS3_details')">takeScreenShotOnFailure([TestResult name=Initialize status=SUCCESS method=Run_SupplierFlowTest.Initialize()[pri:0, instance:com.tradeleaves.marketplace.testcases.businessflow.Run_SupplierFlowTest@1e67b872]
                     output={null}])
                  </a>
               </td>
               <td nowrap="true">19:50:53</td>
               <td nowrap="true" align="right">4 ms
                  
               </td>
               <td nowrap="true">
                   
                  
               </td>
            </tr>
            <tr>
               <td colspan="4" class="detailsBox">
                  <div id="com.tradeleaves.marketplace.testcases.businessflow.Run_SupplierFlowTest_takeScreenShotOnFailure_byClass_PASS3_details"
                       class="testMethodDetails">
                     <div>
                        <b>Name: </b>takeScreenShotOnFailure
                     </div>
                     <div>
                        <b>Signature: </b>takeScreenShotOnFailure(org.testng.ITestResult)[pri:0, instance:com.tradeleaves.marketplace.testcases.businessflow.Run_SupplierFlowTest@1e67b872]
                     </div>
                     <div>
                        <b>Parameters: </b>
                        
                        [TestResult name=Initialize status=SUCCESS method=Run_SupplierFlowTest.Initialize()[pri:0, instance:com.tradeleaves.marketplace.testcases.businessflow.Run_SupplierFlowTest@1e67b872]
                        output={null}]
                        
                        
                     </div>
                     <div>
                        <b>Start time: </b>19:50:53
                     </div>
                     <div>
                        <b>End time: </b>19:50:53
                     </div>
                     <div>
                        <b>Duration: </b>4 ms
                        
                     </div>
                  </div>
               </td>
            </tr>
            <tr></tr>
            <tr id="com.tradeleaves.marketplace.testcases.businessflow.Run_SupplierFlowTest_testSupplierFlow_byClass_FAIL4_row"
                class="testMethodStatusFAIL">
               <td width="100%" class="firstMethodCell">
                  <a onclick="toggleDetailsVisibility('com.tradeleaves.marketplace.testcases.businessflow.Run_SupplierFlowTest_testSupplierFlow_byClass_FAIL4_details')">testSupplierFlow()</a>
               </td>
               <td nowrap="true">19:50:53</td>
               <td nowrap="true" align="right">20s
                  
               </td>
               <td nowrap="true">
                  <a onclick="toggleDetailsVisibility('com.tradeleaves.marketplace.testcases.businessflow.Run_SupplierFlowTest_testSupplierFlow_byClass_FAIL4_exception')">org.openqa.selenium.InvalidElementStateException: 
                     invalid element state: Element is not currently interactable and may not be manipulated
                     (Session info: chrome=63.0.3239.84)
                     (Driver info: chromedriver=2.33.506120 (e3e53437346286c0bc2d2dc9aa4915ba81d9023f),platform=Windows NT 10.0.16299 x86_64) (WARNING:
                     The server did not provide any stacktrace information)
                     Command duration or timeout: 88 milliseconds
                     Build info: version: 'unknown', revision: '1969d75', time: '2016-10-18 09:43:45 -0700'
                     System info: host: 'DESKTOP-H56ODVN', ip: '192.168.241.244', os.name: 'Windows 10', os.arch: 'amd64', os.version: '10.0',
                     java.version: '1.8.0_151'
                     Driver info: org.openqa.selenium.chrome.ChromeDriver
                     Capabilities [{applicationCacheEnabled=false, rotatable=false, mobileEmulationEnabled=false, networkConnectionEnabled=false,
                     chrome={chromedriverVersion=2.33.506120 (e3e53437346286c0bc2d2dc9aa4915ba81d9023f), userDataDir=C:\Users\MAHESH~1\AppData\Local\Temp\scoped_dir12736_758},
                     takesHeapSnapshot=true, pageLoadStrategy=normal, databaseEnabled=false, handlesAlerts=true, hasTouchScreen=false, version=63.0.3239.84,
                     platform=XP, browserConnectionEnabled=false, nativeEvents=true, acceptSslCerts=true, locationContextEnabled=true, webStorageEnabled=true,
                     browserName=chrome, takesScreenshot=true, javascriptEnabled=true, cssSelectorsEnabled=true, setWindowRect=true, unexpectedAlertBehaviour=}]
                     Session ID: 771688ffdf00402579e2b301af951bb5
                     
                  </a>
                   
                  
               </td>
            </tr>
            <tr>
               <td colspan="4" class="detailsBox">
                  <div id="com.tradeleaves.marketplace.testcases.businessflow.Run_SupplierFlowTest_testSupplierFlow_byClass_FAIL4_details"
                       class="testMethodDetails">
                     <div>
                        <b>Name: </b>testSupplierFlow
                     </div>
                     <div>
                        <b>Signature: </b>testSupplierFlow()[pri:0, instance:com.tradeleaves.marketplace.testcases.businessflow.Run_SupplierFlowTest@1e67b872]
                     </div>
                     <div>
                        <b>Start time: </b>19:50:53
                     </div>
                     <div>
                        <b>End time: </b>19:51:14
                     </div>
                     <div>
                        <b>Duration: </b>20s
                        
                     </div>
                  </div>
               </td>
            </tr>
            <tr>
               <td colspan="4" class="detailsBox">
                  <div id="com.tradeleaves.marketplace.testcases.businessflow.Run_SupplierFlowTest_testSupplierFlow_byClass_FAIL4_exception"
                       class="testMethodDetails">
                     <pre style="padding: 5px; margin: 0;">org.openqa.selenium.InvalidElementStateException: invalid element state: Element is not currently interactable and may not
                        be manipulated
                        (Session info: chrome=63.0.3239.84)
                        (Driver info: chromedriver=2.33.506120 (e3e53437346286c0bc2d2dc9aa4915ba81d9023f),platform=Windows NT 10.0.16299 x86_64) (WARNING:
                        The server did not provide any stacktrace information)
                        Command duration or timeout: 88 milliseconds
                        Build info: version: 'unknown', revision: '1969d75', time: '2016-10-18 09:43:45 -0700'
                        System info: host: 'DESKTOP-H56ODVN', ip: '192.168.241.244', os.name: 'Windows 10', os.arch: 'amd64', os.version: '10.0',
                        java.version: '1.8.0_151'
                        Driver info: org.openqa.selenium.chrome.ChromeDriver
                        Capabilities [{applicationCacheEnabled=false, rotatable=false, mobileEmulationEnabled=false, networkConnectionEnabled=false,
                        chrome={chromedriverVersion=2.33.506120 (e3e53437346286c0bc2d2dc9aa4915ba81d9023f), userDataDir=C:\Users\MAHESH~1\AppData\Local\Temp\scoped_dir12736_758},
                        takesHeapSnapshot=true, pageLoadStrategy=normal, databaseEnabled=false, handlesAlerts=true, hasTouchScreen=false, version=63.0.3239.84,
                        platform=XP, browserConnectionEnabled=false, nativeEvents=true, acceptSslCerts=true, locationContextEnabled=true, webStorageEnabled=true,
                        browserName=chrome, takesScreenshot=true, javascriptEnabled=true, cssSelectorsEnabled=true, setWindowRect=true, unexpectedAlertBehaviour=}]
                        Session ID: 771688ffdf00402579e2b301af951bb5
                        	at sun.reflect.NativeConstructorAccessorImpl.newInstance0(Native Method)
                        	at sun.reflect.NativeConstructorAccessorImpl.newInstance(NativeConstructorAccessorImpl.java:62)
                        	at sun.reflect.DelegatingConstructorAccessorImpl.newInstance(DelegatingConstructorAccessorImpl.java:45)
                        	at java.lang.reflect.Constructor.newInstance(Constructor.java:423)
                        	at org.openqa.selenium.remote.ErrorHandler.createThrowable(ErrorHandler.java:216)
                        	at org.openqa.selenium.remote.ErrorHandler.throwIfResponseFailed(ErrorHandler.java:168)
                        	at org.openqa.selenium.remote.RemoteWebDriver.execute(RemoteWebDriver.java:635)
                        	at org.openqa.selenium.remote.RemoteWebElement.execute(RemoteWebElement.java:274)
                        	at org.openqa.selenium.remote.RemoteWebElement.clear(RemoteWebElement.java:116)
                        	at com.tradeleaves.marketplace.utility.Utility.KeywordDataExecution(Utility.java:279)
                        	at com.tradeleaves.marketplace.pages.SupplierFlow.doSupplierFlowIN(SupplierFlow.java:17)
                        	at com.tradeleaves.marketplace.testcases.businessflow.Run_SupplierFlowTest.testSupplierFlow(Run_SupplierFlowTest.java:83)
                        	at sun.reflect.NativeMethodAccessorImpl.invoke0(Native Method)
                        	at sun.reflect.NativeMethodAccessorImpl.invoke(NativeMethodAccessorImpl.java:62)
                        	at sun.reflect.DelegatingMethodAccessorImpl.invoke(DelegatingMethodAccessorImpl.java:43)
                        	at java.lang.reflect.Method.invoke(Method.java:498)
                        	at org.testng.internal.MethodInvocationHelper.invokeMethod(MethodInvocationHelper.java:84)
                        	at org.testng.internal.Invoker.invokeMethod(Invoker.java:714)
                        	at org.testng.internal.Invoker.invokeTestMethod(Invoker.java:901)
                        	at org.testng.internal.Invoker.invokeTestMethods(Invoker.java:1231)
                        	at org.testng.internal.TestMethodWorker.invokeTestMethods(TestMethodWorker.java:127)
                        	at org.testng.internal.TestMethodWorker.run(TestMethodWorker.java:111)
                        	at org.testng.TestRunner.privateRun(TestRunner.java:767)
                        	at org.testng.TestRunner.run(TestRunner.java:617)
                        	at org.testng.SuiteRunner.runTest(SuiteRunner.java:334)
                        	at org.testng.SuiteRunner.runSequentially(SuiteRunner.java:329)
                        	at org.testng.SuiteRunner.privateRun(SuiteRunner.java:291)
                        	at org.testng.SuiteRunner.run(SuiteRunner.java:240)
                        	at org.testng.SuiteRunnerWorker.runSuite(SuiteRunnerWorker.java:52)
                        	at org.testng.SuiteRunnerWorker.run(SuiteRunnerWorker.java:86)
                        	at org.testng.TestNG.runSuitesSequentially(TestNG.java:1224)
                        	at org.testng.TestNG.runSuitesLocally(TestNG.java:1149)
                        	at org.testng.TestNG.run(TestNG.java:1057)
                        	at org.testng.TestNG.privateMain(TestNG.java:1364)
                        	at org.testng.TestNG.main(TestNG.java:1333)
                     </pre>
                  </div>
               </td>
            </tr>
            <tr id="com.tradeleaves.marketplace.testcases.businessflow.Run_SupplierFlowTest_takeScreenShotOnFailure_byClass_PASS5_row"
                class="testMethodStatusPASS testMethodStatusCONF">
               <td width="100%" class="firstMethodCell">
                  <a onclick="toggleDetailsVisibility('com.tradeleaves.marketplace.testcases.businessflow.Run_SupplierFlowTest_takeScreenShotOnFailure_byClass_PASS5_details')">takeScreenShotOnFailure([TestResult name=testSupplierFlow status=FAILURE method=Run_SupplierFlowTest.testSupplierFlow()[pri:0,
                     instance:com.tradeleaves.marketplace.testcases.businessflow.Run_SupplierFlowTest@1e67b872] output={null}])
                  </a>
               </td>
               <td nowrap="true">19:51:14</td>
               <td nowrap="true" align="right">846 ms
                  
               </td>
               <td nowrap="true">
                   
                  
               </td>
            </tr>
            <tr>
               <td colspan="4" class="detailsBox">
                  <div id="com.tradeleaves.marketplace.testcases.businessflow.Run_SupplierFlowTest_takeScreenShotOnFailure_byClass_PASS5_details"
                       class="testMethodDetails">
                     <div>
                        <b>Name: </b>takeScreenShotOnFailure
                     </div>
                     <div>
                        <b>Signature: </b>takeScreenShotOnFailure(org.testng.ITestResult)[pri:0, instance:com.tradeleaves.marketplace.testcases.businessflow.Run_SupplierFlowTest@1e67b872]
                     </div>
                     <div>
                        <b>Parameters: </b>
                        
                        [TestResult name=testSupplierFlow status=FAILURE method=Run_SupplierFlowTest.testSupplierFlow()[pri:0, instance:com.tradeleaves.marketplace.testcases.businessflow.Run_SupplierFlowTest@1e67b872]
                        output={null}]
                        
                        
                     </div>
                     <div>
                        <b>Start time: </b>19:51:14
                     </div>
                     <div>
                        <b>End time: </b>19:51:15
                     </div>
                     <div>
                        <b>Duration: </b>846 ms
                        
                     </div>
                  </div>
               </td>
            </tr>
            <tr></tr>
            <tr id="com.tradeleaves.marketplace.testcases.businessflow.Run_SupplierFlowTest_teardown_byClass_PASS6_row"
                class="testMethodStatusPASS testMethodStatusCONF">
               <td width="100%" class="firstMethodCell">
                  <a onclick="toggleDetailsVisibility('com.tradeleaves.marketplace.testcases.businessflow.Run_SupplierFlowTest_teardown_byClass_PASS6_details')">teardown()</a>
               </td>
               <td nowrap="true">19:51:15</td>
               <td nowrap="true" align="right">2s
                  
               </td>
               <td nowrap="true">
                   
                  
               </td>
            </tr>
            <tr>
               <td colspan="4" class="detailsBox">
                  <div id="com.tradeleaves.marketplace.testcases.businessflow.Run_SupplierFlowTest_teardown_byClass_PASS6_details"
                       class="testMethodDetails">
                     <div>
                        <b>Name: </b>teardown
                     </div>
                     <div>
                        <b>Signature: </b>teardown()[pri:0, instance:com.tradeleaves.marketplace.testcases.businessflow.Run_SupplierFlowTest@1e67b872]
                     </div>
                     <div>
                        <b>Start time: </b>19:51:15
                     </div>
                     <div>
                        <b>End time: </b>19:51:16
                     </div>
                     <div>
                        <b>Duration: </b>2s
                        
                     </div>
                  </div>
               </td>
            </tr>
            <tr></tr>
         </table>
         <br></br>
      </div>
      <div style="margin-top: 15px; color: gray; text-align: center; font-size: 9px;">
         Generated with
         
         <a href="http://code.google.com/p/testng-xslt/" style="color: #8888aa;"
            target="_blank">
            TestNG XSLT
            
         </a>
      </div>
   </body>
</html>