<html xmlns:math="http://exslt.org/math" xmlns:testng="http://testng.org">
   <head>
      <title>TestNG Results</title>
      <meta http-equiv="content-type" content="text/html; charset=utf-8"></meta>
      <meta http-equiv="pragma" content="no-cache"></meta>
      <meta http-equiv="cache-control" content="max-age=0"></meta>
      <meta http-equiv="cache-control" content="no-cache"></meta>
      <meta http-equiv="cache-control" content="no-store"></meta>
      <LINK rel="stylesheet" href="style.css"></LINK>
      <script type="text/javascript" src="main.js"></script>
   </head>
   <body>
      <table width="100%" style="font-size: 16px; margin-bottom: 10px;" cellspacing="1">
         <tr>
            <td width="100%">
               Test case
               
               <b>Run_OrganizationTest</b>
            </td>
            <td style="background-color: #FFBBBB; padding: 3px 3px 3px 0;" align="center">
               <div style="width: 50px;">2</div>
            </td>
            <td style="background-color: lightgreen; padding: 3px 3px 3px 0;" align="center">
               <div style="width: 50px;">0</div>
            </td>
            <td style="background-color: #FFFFBB; padding: 3px 3px 3px 0;" align="center">
               <div style="width: 50px;">0</div>
            </td>
            <td align="center" style="background-color: #eaf0f7; padding: 3px 3px 3px 0;">
               <div style="width: 50px;">2</div>
            </td>
            <td align="center"
                style="font-weight: bold; background-color: #eaf0f7; padding: 3px 3px 3px 0;">
               <div style="width: 50px;">0%</div>
            </td>
            <td style="background-color: #eaf0f7; padding: 3px 3px 3px 0;" align="center"
                nowrap="true">3m
               58s
               
            </td>
         </tr>
      </table>
      <div style="width: 200px;">
         <label for="groupMethodsCheckBox" style="font-weight: bold; margin: 0;">
            <input id="groupMethodsCheckBox" type="checkbox" onclick="switchTestMethodsView(this)"></input>
            Group by class
            
         </label>
         <br></br>
         <label for="methodsFilter_ALL" style="font-weight: bold; margin: 0;">
            <input id="methodsFilter_ALL" type="checkbox"
                   onclick="testMethodsFilterChanged(this, 'ALL')"></input>
            All
            
         </label>
      </div>
      <label for="methodsFilter_FAIL" style="margin-left: 20px;">
         <input id="methodsFilter_FAIL" type="checkbox"
                onclick="testMethodsFilterChanged(this, 'FAIL')"
                checked=""></input>
         Failed
         
      </label>
      <label for="methodsFilter_PASS">
         <input id="methodsFilter_PASS" type="checkbox"
                onclick="testMethodsFilterChanged(this, 'PASS')"
                checked=""></input>
         Passed
         
      </label>
      <label for="methodsFilter_SKIP">
         <input id="methodsFilter_SKIP" type="checkbox"
                onclick="testMethodsFilterChanged(this, 'SKIP')"
                checked=""></input>
         Skipped
         
      </label>
      <label for="methodsFilter_CONF">
         <input id="methodsFilter_CONF" type="checkbox"
                onclick="testMethodsFilterChanged(this, 'CONF')"></input>
         Config
         
      </label>
      <br></br>
      <div id="testMethodsByStatus">
         <table class="testMethodsTable" cellpadding="0" cellspacing="0">
            <tr class="methodsTableHeader">
               <td width="100%">Name</td>
               <td nowrap="true">Started</td>
               <td nowrap="true">Duration</td>
               <td>Exception</td>
            </tr>
            <tr id="com.eztrackit.testcases.Run_OrganizationTest_testCreateNewOrganization_byStatus_failed_FAIL1_row"
                class="testMethodStatusFAIL">
               <td width="100%" class="firstMethodCell">
                  <a onclick="toggleDetailsVisibility('com.eztrackit.testcases.Run_OrganizationTest_testCreateNewOrganization_byStatus_failed_FAIL1_details')">testCreateNewOrganization()</a>
               </td>
               <td nowrap="true">15:21:22</td>
               <td nowrap="true" align="right">2m
                  59s
                  
               </td>
               <td nowrap="true">
                  <a onclick="toggleDetailsVisibility('com.eztrackit.testcases.Run_OrganizationTest_testCreateNewOrganization_byStatus_failed_FAIL1_exception')">org.openqa.selenium.TimeoutException: 
                     Timed out after 20 seconds waiting for visibility of [[FirefoxDriver: firefox on WINDOWS (3618c8dd-dc19-4b2d-b229-4f205c67ed74)]
                     -&gt; xpath: //span[@class='alert-message ng-binding']]
                     Build info: version: '2.46.0', revision: '87c69e2', time: '2015-06-04 16:17:10'
                     System info: host: 'Q3GN0170', ip: '192.168.11.68', os.name: 'Windows 7', os.arch: 'x86', os.version: '6.1', java.version:
                     '1.8.0_40'
                     Driver info: org.openqa.selenium.firefox.FirefoxDriver
                     Capabilities [{applicationCacheEnabled=true, rotatable=false, handlesAlerts=true, databaseEnabled=true, version=29.0, platform=WINDOWS,
                     browserConnectionEnabled=true, nativeEvents=false, acceptSslCerts=true, webStorageEnabled=true, locationContextEnabled=true,
                     browserName=firefox, takesScreenshot=true, javascriptEnabled=true, cssSelectorsEnabled=true}]
                     Session ID: 3618c8dd-dc19-4b2d-b229-4f205c67ed74
                     
                  </a>
                   
                  
               </td>
            </tr>
            <tr>
               <td colspan="4" class="detailsBox">
                  <div id="com.eztrackit.testcases.Run_OrganizationTest_testCreateNewOrganization_byStatus_failed_FAIL1_details"
                       class="testMethodDetails">
                     <div>
                        <b>Name: </b>testCreateNewOrganization
                     </div>
                     <div>
                        <b>Signature: </b>testCreateNewOrganization()[pri:1, instance:com.eztrackit.testcases.Run_OrganizationTest@1c36524]
                     </div>
                     <div>
                        <b>Start time: </b>15:21:22
                     </div>
                     <div>
                        <b>End time: </b>15:23:21
                     </div>
                     <div>
                        <b>Duration: </b>2m
                        59s
                        
                     </div>
                  </div>
               </td>
            </tr>
            <tr>
               <td colspan="4" class="detailsBox">
                  <div id="com.eztrackit.testcases.Run_OrganizationTest_testCreateNewOrganization_byStatus_failed_FAIL1_exception"
                       class="testMethodDetails">
                     <pre style="padding: 5px; margin: 0;">org.openqa.selenium.TimeoutException: Timed out after 20 seconds waiting for visibility of [[FirefoxDriver: firefox on WINDOWS
                        (3618c8dd-dc19-4b2d-b229-4f205c67ed74)] -&gt; xpath: //span[@class='alert-message ng-binding']]
                        Build info: version: '2.46.0', revision: '87c69e2', time: '2015-06-04 16:17:10'
                        System info: host: 'Q3GN0170', ip: '192.168.11.68', os.name: 'Windows 7', os.arch: 'x86', os.version: '6.1', java.version:
                        '1.8.0_40'
                        Driver info: org.openqa.selenium.firefox.FirefoxDriver
                        Capabilities [{applicationCacheEnabled=true, rotatable=false, handlesAlerts=true, databaseEnabled=true, version=29.0, platform=WINDOWS,
                        browserConnectionEnabled=true, nativeEvents=false, acceptSslCerts=true, webStorageEnabled=true, locationContextEnabled=true,
                        browserName=firefox, takesScreenshot=true, javascriptEnabled=true, cssSelectorsEnabled=true}]
                        Session ID: 3618c8dd-dc19-4b2d-b229-4f205c67ed74
                        	at org.openqa.selenium.support.ui.WebDriverWait.timeoutException(WebDriverWait.java:80)
                        	at org.openqa.selenium.support.ui.FluentWait.until(FluentWait.java:229)
                        	at com.eztrackit.pages.CreateNewOrganistaionPage.ValidateOrganization(CreateNewOrganistaionPage.java:94)
                        	at com.eztrackit.testcases.Run_OrganizationTest.testCreateNewOrganization(Run_OrganizationTest.java:64)
                        	at sun.reflect.NativeMethodAccessorImpl.invoke0(Native Method)
                        	at sun.reflect.NativeMethodAccessorImpl.invoke(NativeMethodAccessorImpl.java:62)
                        	at sun.reflect.DelegatingMethodAccessorImpl.invoke(DelegatingMethodAccessorImpl.java:43)
                        	at java.lang.reflect.Method.invoke(Method.java:497)
                        	at org.testng.internal.MethodInvocationHelper.invokeMethod(MethodInvocationHelper.java:86)
                        	at org.testng.internal.Invoker.invokeMethod(Invoker.java:645)
                        	at org.testng.internal.Invoker.invokeTestMethod(Invoker.java:822)
                        	at org.testng.internal.Invoker.invokeTestMethods(Invoker.java:1130)
                        	at org.testng.internal.TestMethodWorker.invokeTestMethods(TestMethodWorker.java:129)
                        	at org.testng.internal.TestMethodWorker.run(TestMethodWorker.java:112)
                        	at org.testng.TestRunner.privateRun(TestRunner.java:782)
                        	at org.testng.TestRunner.run(TestRunner.java:632)
                        	at org.testng.SuiteRunner.runTest(SuiteRunner.java:366)
                        	at org.testng.SuiteRunner.runSequentially(SuiteRunner.java:361)
                        	at org.testng.SuiteRunner.privateRun(SuiteRunner.java:319)
                        	at org.testng.SuiteRunner.run(SuiteRunner.java:268)
                        	at org.testng.SuiteRunnerWorker.runSuite(SuiteRunnerWorker.java:52)
                        	at org.testng.SuiteRunnerWorker.run(SuiteRunnerWorker.java:86)
                        	at org.testng.TestNG.runSuitesSequentially(TestNG.java:1244)
                        	at org.testng.TestNG.runSuitesLocally(TestNG.java:1169)
                        	at org.testng.TestNG.run(TestNG.java:1064)
                        	at org.testng.remote.RemoteTestNG.run(RemoteTestNG.java:113)
                        	at org.testng.remote.RemoteTestNG.initAndRun(RemoteTestNG.java:206)
                        	at org.testng.remote.RemoteTestNG.main(RemoteTestNG.java:177)
                     </pre>
                  </div>
               </td>
            </tr>
            <tr id="com.eztrackit.testcases.Run_OrganizationTest_testSearchOrganizations_byStatus_failed_FAIL2_row"
                class="testMethodStatusFAIL">
               <td width="100%" class="firstMethodCell">
                  <a onclick="toggleDetailsVisibility('com.eztrackit.testcases.Run_OrganizationTest_testSearchOrganizations_byStatus_failed_FAIL2_details')">testSearchOrganizations()</a>
               </td>
               <td nowrap="true">15:23:21</td>
               <td nowrap="true" align="right">14s
                  
               </td>
               <td nowrap="true">
                  <a onclick="toggleDetailsVisibility('com.eztrackit.testcases.Run_OrganizationTest_testSearchOrganizations_byStatus_failed_FAIL2_exception')">org.openqa.selenium.remote.UnreachableBrowserException: 
                     Error communicating with the remote browser. It may have died.
                     Build info: version: '2.46.0', revision: '87c69e2', time: '2015-06-04 16:17:10'
                     System info: host: 'Q3GN0170', ip: '192.168.11.68', os.name: 'Windows 7', os.arch: 'x86', os.version: '6.1', java.version:
                     '1.8.0_40'
                     Driver info: driver.version: RemoteWebDriver
                     
                  </a>
                   
                  
               </td>
            </tr>
            <tr>
               <td colspan="4" class="detailsBox">
                  <div id="com.eztrackit.testcases.Run_OrganizationTest_testSearchOrganizations_byStatus_failed_FAIL2_details"
                       class="testMethodDetails">
                     <div>
                        <b>Name: </b>testSearchOrganizations
                     </div>
                     <div>
                        <b>Signature: </b>testSearchOrganizations()[pri:2, instance:com.eztrackit.testcases.Run_OrganizationTest@1c36524]
                     </div>
                     <div>
                        <b>Start time: </b>15:23:21
                     </div>
                     <div>
                        <b>End time: </b>15:23:35
                     </div>
                     <div>
                        <b>Duration: </b>14s
                        
                     </div>
                  </div>
               </td>
            </tr>
            <tr>
               <td colspan="4" class="detailsBox">
                  <div id="com.eztrackit.testcases.Run_OrganizationTest_testSearchOrganizations_byStatus_failed_FAIL2_exception"
                       class="testMethodDetails">
                     <pre style="padding: 5px; margin: 0;">org.openqa.selenium.remote.UnreachableBrowserException: Error communicating with the remote browser. It may have died.
                        Build info: version: '2.46.0', revision: '87c69e2', time: '2015-06-04 16:17:10'
                        System info: host: 'Q3GN0170', ip: '192.168.11.68', os.name: 'Windows 7', os.arch: 'x86', os.version: '6.1', java.version:
                        '1.8.0_40'
                        Driver info: driver.version: RemoteWebDriver
                        	at org.openqa.selenium.remote.RemoteWebDriver.execute(RemoteWebDriver.java:599)
                        	at org.openqa.selenium.remote.RemoteWebDriver.findElement(RemoteWebDriver.java:358)
                        	at org.openqa.selenium.remote.RemoteWebDriver.findElementByXPath(RemoteWebDriver.java:455)
                        	at org.openqa.selenium.By$ByXPath.findElement(By.java:358)
                        	at org.openqa.selenium.remote.RemoteWebDriver.findElement(RemoteWebDriver.java:350)
                        	at org.openqa.selenium.support.pagefactory.DefaultElementLocator.findElement(DefaultElementLocator.java:69)
                        	at org.openqa.selenium.support.pagefactory.internal.LocatingElementHandler.invoke(LocatingElementHandler.java:38)
                        	at com.sun.proxy.$Proxy8.isDisplayed(Unknown Source)
                        	at org.openqa.selenium.support.ui.ExpectedConditions.elementIfVisible(ExpectedConditions.java:302)
                        	at org.openqa.selenium.support.ui.ExpectedConditions.access$1(ExpectedConditions.java:301)
                        	at org.openqa.selenium.support.ui.ExpectedConditions$10.apply(ExpectedConditions.java:288)
                        	at org.openqa.selenium.support.ui.ExpectedConditions$10.apply(ExpectedConditions.java:1)
                        	at org.openqa.selenium.support.ui.ExpectedConditions$21.apply(ExpectedConditions.java:638)
                        	at org.openqa.selenium.support.ui.ExpectedConditions$21.apply(ExpectedConditions.java:1)
                        	at org.openqa.selenium.support.ui.FluentWait.until(FluentWait.java:209)
                        	at com.eztrackit.pages.LandingPage.Search_Organization(LandingPage.java:129)
                        	at com.eztrackit.testcases.Run_OrganizationTest.testSearchOrganizations(Run_OrganizationTest.java:78)
                        	at sun.reflect.NativeMethodAccessorImpl.invoke0(Native Method)
                        	at sun.reflect.NativeMethodAccessorImpl.invoke(NativeMethodAccessorImpl.java:62)
                        	at sun.reflect.DelegatingMethodAccessorImpl.invoke(DelegatingMethodAccessorImpl.java:43)
                        	at java.lang.reflect.Method.invoke(Method.java:497)
                        	at org.testng.internal.MethodInvocationHelper.invokeMethod(MethodInvocationHelper.java:86)
                        	at org.testng.internal.Invoker.invokeMethod(Invoker.java:645)
                        	at org.testng.internal.Invoker.invokeTestMethod(Invoker.java:822)
                        	at org.testng.internal.Invoker.invokeTestMethods(Invoker.java:1130)
                        	at org.testng.internal.TestMethodWorker.invokeTestMethods(TestMethodWorker.java:129)
                        	at org.testng.internal.TestMethodWorker.run(TestMethodWorker.java:112)
                        	at org.testng.TestRunner.privateRun(TestRunner.java:782)
                        	at org.testng.TestRunner.run(TestRunner.java:632)
                        	at org.testng.SuiteRunner.runTest(SuiteRunner.java:366)
                        	at org.testng.SuiteRunner.runSequentially(SuiteRunner.java:361)
                        	at org.testng.SuiteRunner.privateRun(SuiteRunner.java:319)
                        	at org.testng.SuiteRunner.run(SuiteRunner.java:268)
                        	at org.testng.SuiteRunnerWorker.runSuite(SuiteRunnerWorker.java:52)
                        	at org.testng.SuiteRunnerWorker.run(SuiteRunnerWorker.java:86)
                        	at org.testng.TestNG.runSuitesSequentially(TestNG.java:1244)
                        	at org.testng.TestNG.runSuitesLocally(TestNG.java:1169)
                        	at org.testng.TestNG.run(TestNG.java:1064)
                        	at org.testng.remote.RemoteTestNG.run(RemoteTestNG.java:113)
                        	at org.testng.remote.RemoteTestNG.initAndRun(RemoteTestNG.java:206)
                        	at org.testng.remote.RemoteTestNG.main(RemoteTestNG.java:177)
                        Caused by: org.apache.http.conn.HttpHostConnectException: Connect to 127.0.0.1:7055 [/127.0.0.1] failed: Connection refused:
                        connect
                        	at org.apache.http.impl.conn.DefaultHttpClientConnectionOperator.connect(DefaultHttpClientConnectionOperator.java:151)
                        	at org.apache.http.impl.conn.PoolingHttpClientConnectionManager.connect(PoolingHttpClientConnectionManager.java:353)
                        	at org.apache.http.impl.execchain.MainClientExec.establishRoute(MainClientExec.java:380)
                        	at org.apache.http.impl.execchain.MainClientExec.execute(MainClientExec.java:236)
                        	at org.apache.http.impl.execchain.ProtocolExec.execute(ProtocolExec.java:184)
                        	at org.apache.http.impl.execchain.RetryExec.execute(RetryExec.java:88)
                        	at org.apache.http.impl.execchain.RedirectExec.execute(RedirectExec.java:110)
                        	at org.apache.http.impl.client.InternalHttpClient.doExecute(InternalHttpClient.java:184)
                        	at org.apache.http.impl.client.CloseableHttpClient.execute(CloseableHttpClient.java:71)
                        	at org.apache.http.impl.client.CloseableHttpClient.execute(CloseableHttpClient.java:55)
                        	at org.openqa.selenium.remote.internal.ApacheHttpClient.fallBackExecute(ApacheHttpClient.java:161)
                        	at org.openqa.selenium.remote.internal.ApacheHttpClient.execute(ApacheHttpClient.java:89)
                        	at org.openqa.selenium.remote.HttpCommandExecutor.execute(HttpCommandExecutor.java:134)
                        	at org.openqa.selenium.firefox.internal.NewProfileExtensionConnection.execute(NewProfileExtensionConnection.java:168)
                        	at org.openqa.selenium.firefox.FirefoxDriver$LazyCommandExecutor.execute(FirefoxDriver.java:392)
                        	at org.openqa.selenium.remote.RemoteWebDriver.execute(RemoteWebDriver.java:578)
                        	... 40 more
                        Caused by: java.net.ConnectException: Connection refused: connect
                        	at java.net.DualStackPlainSocketImpl.waitForConnect(Native Method)
                        	at java.net.DualStackPlainSocketImpl.socketConnect(DualStackPlainSocketImpl.java:85)
                        	at java.net.AbstractPlainSocketImpl.doConnect(AbstractPlainSocketImpl.java:345)
                        	at java.net.AbstractPlainSocketImpl.connectToAddress(AbstractPlainSocketImpl.java:206)
                        	at java.net.AbstractPlainSocketImpl.connect(AbstractPlainSocketImpl.java:188)
                        	at java.net.PlainSocketImpl.connect(PlainSocketImpl.java:172)
                        	at java.net.SocksSocketImpl.connect(SocksSocketImpl.java:392)
                        	at java.net.Socket.connect(Socket.java:589)
                        	at org.apache.http.conn.socket.PlainConnectionSocketFactory.connectSocket(PlainConnectionSocketFactory.java:74)
                        	at org.apache.http.impl.conn.DefaultHttpClientConnectionOperator.connect(DefaultHttpClientConnectionOperator.java:134)
                        	... 55 more
                     </pre>
                  </div>
               </td>
            </tr>
            <tr id="com.eztrackit.testcases.Run_OrganizationTest_teardown_byStatus_failed_FAIL3_row"
                class="testMethodStatusFAIL testMethodStatusCONF">
               <td width="100%" class="firstMethodCell">
                  <a onclick="toggleDetailsVisibility('com.eztrackit.testcases.Run_OrganizationTest_teardown_byStatus_failed_FAIL3_details')">teardown()</a>
               </td>
               <td nowrap="true">15:23:35</td>
               <td nowrap="true" align="right">0 ms
                  
               </td>
               <td nowrap="true">
                  <a onclick="toggleDetailsVisibility('com.eztrackit.testcases.Run_OrganizationTest_teardown_byStatus_failed_FAIL3_exception')">org.openqa.selenium.remote.UnreachableBrowserException: 
                     Error communicating with the remote browser. It may have died.
                     Build info: version: '2.46.0', revision: '87c69e2', time: '2015-06-04 16:17:10'
                     System info: host: 'Q3GN0170', ip: '192.168.11.68', os.name: 'Windows 7', os.arch: 'x86', os.version: '6.1', java.version:
                     '1.8.0_40'
                     Driver info: driver.version: RemoteWebDriver
                     
                  </a>
                   
                  
               </td>
            </tr>
            <tr>
               <td colspan="4" class="detailsBox">
                  <div id="com.eztrackit.testcases.Run_OrganizationTest_teardown_byStatus_failed_FAIL3_details"
                       class="testMethodDetails">
                     <div>
                        <b>Name: </b>teardown
                     </div>
                     <div>
                        <b>Signature: </b>teardown()[pri:0, instance:com.eztrackit.testcases.Run_OrganizationTest@1c36524]
                     </div>
                     <div>
                        <b>Start time: </b>15:23:35
                     </div>
                     <div>
                        <b>End time: </b>15:23:35
                     </div>
                     <div>
                        <b>Duration: </b>0 ms
                        
                     </div>
                  </div>
               </td>
            </tr>
            <tr>
               <td colspan="4" class="detailsBox">
                  <div id="com.eztrackit.testcases.Run_OrganizationTest_teardown_byStatus_failed_FAIL3_exception"
                       class="testMethodDetails">
                     <pre style="padding: 5px; margin: 0;">org.openqa.selenium.remote.UnreachableBrowserException: Error communicating with the remote browser. It may have died.
                        Build info: version: '2.46.0', revision: '87c69e2', time: '2015-06-04 16:17:10'
                        System info: host: 'Q3GN0170', ip: '192.168.11.68', os.name: 'Windows 7', os.arch: 'x86', os.version: '6.1', java.version:
                        '1.8.0_40'
                        Driver info: driver.version: RemoteWebDriver
                        	at org.openqa.selenium.remote.RemoteWebDriver.execute(RemoteWebDriver.java:599)
                        	at org.openqa.selenium.remote.RemoteWebDriver.execute(RemoteWebDriver.java:628)
                        	at org.openqa.selenium.remote.RemoteWebDriver.close(RemoteWebDriver.java:469)
                        	at com.eztrackit.testcases.Run_OrganizationTest.teardown(Run_OrganizationTest.java:98)
                        	at sun.reflect.NativeMethodAccessorImpl.invoke0(Native Method)
                        	at sun.reflect.NativeMethodAccessorImpl.invoke(NativeMethodAccessorImpl.java:62)
                        	at sun.reflect.DelegatingMethodAccessorImpl.invoke(DelegatingMethodAccessorImpl.java:43)
                        	at java.lang.reflect.Method.invoke(Method.java:497)
                        	at org.testng.internal.MethodInvocationHelper.invokeMethod(MethodInvocationHelper.java:86)
                        	at org.testng.internal.Invoker.invokeConfigurationMethod(Invoker.java:514)
                        	at org.testng.internal.Invoker.invokeConfigurations(Invoker.java:215)
                        	at org.testng.internal.Invoker.invokeConfigurations(Invoker.java:142)
                        	at org.testng.TestRunner.afterRun(TestRunner.java:1012)
                        	at org.testng.TestRunner.run(TestRunner.java:636)
                        	at org.testng.SuiteRunner.runTest(SuiteRunner.java:366)
                        	at org.testng.SuiteRunner.runSequentially(SuiteRunner.java:361)
                        	at org.testng.SuiteRunner.privateRun(SuiteRunner.java:319)
                        	at org.testng.SuiteRunner.run(SuiteRunner.java:268)
                        	at org.testng.SuiteRunnerWorker.runSuite(SuiteRunnerWorker.java:52)
                        	at org.testng.SuiteRunnerWorker.run(SuiteRunnerWorker.java:86)
                        	at org.testng.TestNG.runSuitesSequentially(TestNG.java:1244)
                        	at org.testng.TestNG.runSuitesLocally(TestNG.java:1169)
                        	at org.testng.TestNG.run(TestNG.java:1064)
                        	at org.testng.remote.RemoteTestNG.run(RemoteTestNG.java:113)
                        	at org.testng.remote.RemoteTestNG.initAndRun(RemoteTestNG.java:206)
                        	at org.testng.remote.RemoteTestNG.main(RemoteTestNG.java:177)
                        Caused by: org.apache.http.conn.HttpHostConnectException: Connect to 127.0.0.1:7055 [/127.0.0.1] failed: Connection refused:
                        connect
                        	at org.apache.http.impl.conn.DefaultHttpClientConnectionOperator.connect(DefaultHttpClientConnectionOperator.java:151)
                        	at org.apache.http.impl.conn.PoolingHttpClientConnectionManager.connect(PoolingHttpClientConnectionManager.java:353)
                        	at org.apache.http.impl.execchain.MainClientExec.establishRoute(MainClientExec.java:380)
                        	at org.apache.http.impl.execchain.MainClientExec.execute(MainClientExec.java:236)
                        	at org.apache.http.impl.execchain.ProtocolExec.execute(ProtocolExec.java:184)
                        	at org.apache.http.impl.execchain.RetryExec.execute(RetryExec.java:88)
                        	at org.apache.http.impl.execchain.RedirectExec.execute(RedirectExec.java:110)
                        	at org.apache.http.impl.client.InternalHttpClient.doExecute(InternalHttpClient.java:184)
                        	at org.apache.http.impl.client.CloseableHttpClient.execute(CloseableHttpClient.java:71)
                        	at org.apache.http.impl.client.CloseableHttpClient.execute(CloseableHttpClient.java:55)
                        	at org.openqa.selenium.remote.internal.ApacheHttpClient.fallBackExecute(ApacheHttpClient.java:143)
                        	at org.openqa.selenium.remote.internal.ApacheHttpClient.execute(ApacheHttpClient.java:89)
                        	at org.openqa.selenium.remote.HttpCommandExecutor.execute(HttpCommandExecutor.java:134)
                        	at org.openqa.selenium.firefox.internal.NewProfileExtensionConnection.execute(NewProfileExtensionConnection.java:168)
                        	at org.openqa.selenium.firefox.FirefoxDriver$LazyCommandExecutor.execute(FirefoxDriver.java:392)
                        	at org.openqa.selenium.remote.RemoteWebDriver.execute(RemoteWebDriver.java:578)
                        	... 25 more
                        Caused by: java.net.ConnectException: Connection refused: connect
                        	at java.net.DualStackPlainSocketImpl.waitForConnect(Native Method)
                        	at java.net.DualStackPlainSocketImpl.socketConnect(DualStackPlainSocketImpl.java:85)
                        	at java.net.AbstractPlainSocketImpl.doConnect(AbstractPlainSocketImpl.java:345)
                        	at java.net.AbstractPlainSocketImpl.connectToAddress(AbstractPlainSocketImpl.java:206)
                        	at java.net.AbstractPlainSocketImpl.connect(AbstractPlainSocketImpl.java:188)
                        	at java.net.PlainSocketImpl.connect(PlainSocketImpl.java:172)
                        	at java.net.SocksSocketImpl.connect(SocksSocketImpl.java:392)
                        	at java.net.Socket.connect(Socket.java:589)
                        	at org.apache.http.conn.socket.PlainConnectionSocketFactory.connectSocket(PlainConnectionSocketFactory.java:74)
                        	at org.apache.http.impl.conn.DefaultHttpClientConnectionOperator.connect(DefaultHttpClientConnectionOperator.java:134)
                        	... 40 more
                     </pre>
                  </div>
               </td>
            </tr>
            <tr id="com.eztrackit.testcases.Run_OrganizationTest_setUp_byStatus_passed_PASS1_row"
                class="testMethodStatusPASS testMethodStatusCONF">
               <td width="100%" class="firstMethodCell">
                  <a onclick="toggleDetailsVisibility('com.eztrackit.testcases.Run_OrganizationTest_setUp_byStatus_passed_PASS1_details')">setUp(Firefox)</a>
               </td>
               <td nowrap="true">15:20:38</td>
               <td nowrap="true" align="right">44s
                  
               </td>
               <td nowrap="true">
                   
                  
               </td>
            </tr>
            <tr>
               <td colspan="4" class="detailsBox">
                  <div id="com.eztrackit.testcases.Run_OrganizationTest_setUp_byStatus_passed_PASS1_details"
                       class="testMethodDetails">
                     <div>
                        <b>Name: </b>setUp
                     </div>
                     <div>
                        <b>Signature: </b>setUp(java.lang.String)[pri:0, instance:com.eztrackit.testcases.Run_OrganizationTest@1c36524]
                     </div>
                     <div>
                        <b>Parameters: </b>
                        
                        Firefox
                        
                        
                     </div>
                     <div>
                        <b>Start time: </b>15:20:38
                     </div>
                     <div>
                        <b>End time: </b>15:21:22
                     </div>
                     <div>
                        <b>Duration: </b>44s
                        
                     </div>
                  </div>
               </td>
            </tr>
            <tr></tr>
            <tr id="com.eztrackit.testcases.Run_OrganizationTest_Initialize_byStatus_passed_PASS2_row"
                class="testMethodStatusPASS testMethodStatusCONF">
               <td width="100%" class="firstMethodCell">
                  <a onclick="toggleDetailsVisibility('com.eztrackit.testcases.Run_OrganizationTest_Initialize_byStatus_passed_PASS2_details')">Initialize()</a>
               </td>
               <td nowrap="true">15:21:22</td>
               <td nowrap="true" align="right">10 ms
                  
               </td>
               <td nowrap="true">
                   
                  
               </td>
            </tr>
            <tr>
               <td colspan="4" class="detailsBox">
                  <div id="com.eztrackit.testcases.Run_OrganizationTest_Initialize_byStatus_passed_PASS2_details"
                       class="testMethodDetails">
                     <div>
                        <b>Name: </b>Initialize
                     </div>
                     <div>
                        <b>Signature: </b>Initialize()[pri:0, instance:com.eztrackit.testcases.Run_OrganizationTest@1c36524]
                     </div>
                     <div>
                        <b>Start time: </b>15:21:22
                     </div>
                     <div>
                        <b>End time: </b>15:21:22
                     </div>
                     <div>
                        <b>Duration: </b>10 ms
                        
                     </div>
                  </div>
               </td>
            </tr>
            <tr></tr>
            <tr id="com.eztrackit.testcases.Run_OrganizationTest_Initialize_byStatus_passed_PASS3_row"
                class="testMethodStatusPASS testMethodStatusCONF">
               <td width="100%" class="firstMethodCell">
                  <a onclick="toggleDetailsVisibility('com.eztrackit.testcases.Run_OrganizationTest_Initialize_byStatus_passed_PASS3_details')">Initialize()</a>
               </td>
               <td nowrap="true">15:23:21</td>
               <td nowrap="true" align="right">0 ms
                  
               </td>
               <td nowrap="true">
                   
                  
               </td>
            </tr>
            <tr>
               <td colspan="4" class="detailsBox">
                  <div id="com.eztrackit.testcases.Run_OrganizationTest_Initialize_byStatus_passed_PASS3_details"
                       class="testMethodDetails">
                     <div>
                        <b>Name: </b>Initialize
                     </div>
                     <div>
                        <b>Signature: </b>Initialize()[pri:0, instance:com.eztrackit.testcases.Run_OrganizationTest@1c36524]
                     </div>
                     <div>
                        <b>Start time: </b>15:23:21
                     </div>
                     <div>
                        <b>End time: </b>15:23:21
                     </div>
                     <div>
                        <b>Duration: </b>0 ms
                        
                     </div>
                  </div>
               </td>
            </tr>
            <tr></tr>
         </table>
      </div>
      <div id="testMethodsByClass" style="display: none;">
         <table class="testMethodsTable" cellpadding="0" cellspacing="0">
            <tr>
               <td colspan="4">
                  <h3 style="display: inline;">com.eztrackit.testcases.Run_OrganizationTest</h3>
               </td>
            </tr>
            <tr class="methodsTableHeader">
               <td width="100%">Name</td>
               <td nowrap="true">Started</td>
               <td nowrap="true">Duration</td>
               <td>Exception</td>
            </tr>
            <tr id="com.eztrackit.testcases.Run_OrganizationTest_setUp_byClass_PASS1_row"
                class="testMethodStatusPASS testMethodStatusCONF">
               <td width="100%" class="firstMethodCell">
                  <a onclick="toggleDetailsVisibility('com.eztrackit.testcases.Run_OrganizationTest_setUp_byClass_PASS1_details')">setUp(Firefox)</a>
               </td>
               <td nowrap="true">15:20:38</td>
               <td nowrap="true" align="right">44s
                  
               </td>
               <td nowrap="true">
                   
                  
               </td>
            </tr>
            <tr>
               <td colspan="4" class="detailsBox">
                  <div id="com.eztrackit.testcases.Run_OrganizationTest_setUp_byClass_PASS1_details"
                       class="testMethodDetails">
                     <div>
                        <b>Name: </b>setUp
                     </div>
                     <div>
                        <b>Signature: </b>setUp(java.lang.String)[pri:0, instance:com.eztrackit.testcases.Run_OrganizationTest@1c36524]
                     </div>
                     <div>
                        <b>Parameters: </b>
                        
                        Firefox
                        
                        
                     </div>
                     <div>
                        <b>Start time: </b>15:20:38
                     </div>
                     <div>
                        <b>End time: </b>15:21:22
                     </div>
                     <div>
                        <b>Duration: </b>44s
                        
                     </div>
                  </div>
               </td>
            </tr>
            <tr></tr>
            <tr id="com.eztrackit.testcases.Run_OrganizationTest_Initialize_byClass_PASS2_row"
                class="testMethodStatusPASS testMethodStatusCONF">
               <td width="100%" class="firstMethodCell">
                  <a onclick="toggleDetailsVisibility('com.eztrackit.testcases.Run_OrganizationTest_Initialize_byClass_PASS2_details')">Initialize()</a>
               </td>
               <td nowrap="true">15:21:22</td>
               <td nowrap="true" align="right">10 ms
                  
               </td>
               <td nowrap="true">
                   
                  
               </td>
            </tr>
            <tr>
               <td colspan="4" class="detailsBox">
                  <div id="com.eztrackit.testcases.Run_OrganizationTest_Initialize_byClass_PASS2_details"
                       class="testMethodDetails">
                     <div>
                        <b>Name: </b>Initialize
                     </div>
                     <div>
                        <b>Signature: </b>Initialize()[pri:0, instance:com.eztrackit.testcases.Run_OrganizationTest@1c36524]
                     </div>
                     <div>
                        <b>Start time: </b>15:21:22
                     </div>
                     <div>
                        <b>End time: </b>15:21:22
                     </div>
                     <div>
                        <b>Duration: </b>10 ms
                        
                     </div>
                  </div>
               </td>
            </tr>
            <tr></tr>
            <tr id="com.eztrackit.testcases.Run_OrganizationTest_testCreateNewOrganization_byClass_FAIL3_row"
                class="testMethodStatusFAIL">
               <td width="100%" class="firstMethodCell">
                  <a onclick="toggleDetailsVisibility('com.eztrackit.testcases.Run_OrganizationTest_testCreateNewOrganization_byClass_FAIL3_details')">testCreateNewOrganization()</a>
               </td>
               <td nowrap="true">15:21:22</td>
               <td nowrap="true" align="right">2m
                  59s
                  
               </td>
               <td nowrap="true">
                  <a onclick="toggleDetailsVisibility('com.eztrackit.testcases.Run_OrganizationTest_testCreateNewOrganization_byClass_FAIL3_exception')">org.openqa.selenium.TimeoutException: 
                     Timed out after 20 seconds waiting for visibility of [[FirefoxDriver: firefox on WINDOWS (3618c8dd-dc19-4b2d-b229-4f205c67ed74)]
                     -&gt; xpath: //span[@class='alert-message ng-binding']]
                     Build info: version: '2.46.0', revision: '87c69e2', time: '2015-06-04 16:17:10'
                     System info: host: 'Q3GN0170', ip: '192.168.11.68', os.name: 'Windows 7', os.arch: 'x86', os.version: '6.1', java.version:
                     '1.8.0_40'
                     Driver info: org.openqa.selenium.firefox.FirefoxDriver
                     Capabilities [{applicationCacheEnabled=true, rotatable=false, handlesAlerts=true, databaseEnabled=true, version=29.0, platform=WINDOWS,
                     browserConnectionEnabled=true, nativeEvents=false, acceptSslCerts=true, webStorageEnabled=true, locationContextEnabled=true,
                     browserName=firefox, takesScreenshot=true, javascriptEnabled=true, cssSelectorsEnabled=true}]
                     Session ID: 3618c8dd-dc19-4b2d-b229-4f205c67ed74
                     
                  </a>
                   
                  
               </td>
            </tr>
            <tr>
               <td colspan="4" class="detailsBox">
                  <div id="com.eztrackit.testcases.Run_OrganizationTest_testCreateNewOrganization_byClass_FAIL3_details"
                       class="testMethodDetails">
                     <div>
                        <b>Name: </b>testCreateNewOrganization
                     </div>
                     <div>
                        <b>Signature: </b>testCreateNewOrganization()[pri:1, instance:com.eztrackit.testcases.Run_OrganizationTest@1c36524]
                     </div>
                     <div>
                        <b>Start time: </b>15:21:22
                     </div>
                     <div>
                        <b>End time: </b>15:23:21
                     </div>
                     <div>
                        <b>Duration: </b>2m
                        59s
                        
                     </div>
                  </div>
               </td>
            </tr>
            <tr>
               <td colspan="4" class="detailsBox">
                  <div id="com.eztrackit.testcases.Run_OrganizationTest_testCreateNewOrganization_byClass_FAIL3_exception"
                       class="testMethodDetails">
                     <pre style="padding: 5px; margin: 0;">org.openqa.selenium.TimeoutException: Timed out after 20 seconds waiting for visibility of [[FirefoxDriver: firefox on WINDOWS
                        (3618c8dd-dc19-4b2d-b229-4f205c67ed74)] -&gt; xpath: //span[@class='alert-message ng-binding']]
                        Build info: version: '2.46.0', revision: '87c69e2', time: '2015-06-04 16:17:10'
                        System info: host: 'Q3GN0170', ip: '192.168.11.68', os.name: 'Windows 7', os.arch: 'x86', os.version: '6.1', java.version:
                        '1.8.0_40'
                        Driver info: org.openqa.selenium.firefox.FirefoxDriver
                        Capabilities [{applicationCacheEnabled=true, rotatable=false, handlesAlerts=true, databaseEnabled=true, version=29.0, platform=WINDOWS,
                        browserConnectionEnabled=true, nativeEvents=false, acceptSslCerts=true, webStorageEnabled=true, locationContextEnabled=true,
                        browserName=firefox, takesScreenshot=true, javascriptEnabled=true, cssSelectorsEnabled=true}]
                        Session ID: 3618c8dd-dc19-4b2d-b229-4f205c67ed74
                        	at org.openqa.selenium.support.ui.WebDriverWait.timeoutException(WebDriverWait.java:80)
                        	at org.openqa.selenium.support.ui.FluentWait.until(FluentWait.java:229)
                        	at com.eztrackit.pages.CreateNewOrganistaionPage.ValidateOrganization(CreateNewOrganistaionPage.java:94)
                        	at com.eztrackit.testcases.Run_OrganizationTest.testCreateNewOrganization(Run_OrganizationTest.java:64)
                        	at sun.reflect.NativeMethodAccessorImpl.invoke0(Native Method)
                        	at sun.reflect.NativeMethodAccessorImpl.invoke(NativeMethodAccessorImpl.java:62)
                        	at sun.reflect.DelegatingMethodAccessorImpl.invoke(DelegatingMethodAccessorImpl.java:43)
                        	at java.lang.reflect.Method.invoke(Method.java:497)
                        	at org.testng.internal.MethodInvocationHelper.invokeMethod(MethodInvocationHelper.java:86)
                        	at org.testng.internal.Invoker.invokeMethod(Invoker.java:645)
                        	at org.testng.internal.Invoker.invokeTestMethod(Invoker.java:822)
                        	at org.testng.internal.Invoker.invokeTestMethods(Invoker.java:1130)
                        	at org.testng.internal.TestMethodWorker.invokeTestMethods(TestMethodWorker.java:129)
                        	at org.testng.internal.TestMethodWorker.run(TestMethodWorker.java:112)
                        	at org.testng.TestRunner.privateRun(TestRunner.java:782)
                        	at org.testng.TestRunner.run(TestRunner.java:632)
                        	at org.testng.SuiteRunner.runTest(SuiteRunner.java:366)
                        	at org.testng.SuiteRunner.runSequentially(SuiteRunner.java:361)
                        	at org.testng.SuiteRunner.privateRun(SuiteRunner.java:319)
                        	at org.testng.SuiteRunner.run(SuiteRunner.java:268)
                        	at org.testng.SuiteRunnerWorker.runSuite(SuiteRunnerWorker.java:52)
                        	at org.testng.SuiteRunnerWorker.run(SuiteRunnerWorker.java:86)
                        	at org.testng.TestNG.runSuitesSequentially(TestNG.java:1244)
                        	at org.testng.TestNG.runSuitesLocally(TestNG.java:1169)
                        	at org.testng.TestNG.run(TestNG.java:1064)
                        	at org.testng.remote.RemoteTestNG.run(RemoteTestNG.java:113)
                        	at org.testng.remote.RemoteTestNG.initAndRun(RemoteTestNG.java:206)
                        	at org.testng.remote.RemoteTestNG.main(RemoteTestNG.java:177)
                     </pre>
                  </div>
               </td>
            </tr>
            <tr id="com.eztrackit.testcases.Run_OrganizationTest_testSearchOrganizations_byClass_FAIL4_row"
                class="testMethodStatusFAIL">
               <td width="100%" class="firstMethodCell">
                  <a onclick="toggleDetailsVisibility('com.eztrackit.testcases.Run_OrganizationTest_testSearchOrganizations_byClass_FAIL4_details')">testSearchOrganizations()</a>
               </td>
               <td nowrap="true">15:23:21</td>
               <td nowrap="true" align="right">14s
                  
               </td>
               <td nowrap="true">
                  <a onclick="toggleDetailsVisibility('com.eztrackit.testcases.Run_OrganizationTest_testSearchOrganizations_byClass_FAIL4_exception')">org.openqa.selenium.remote.UnreachableBrowserException: 
                     Error communicating with the remote browser. It may have died.
                     Build info: version: '2.46.0', revision: '87c69e2', time: '2015-06-04 16:17:10'
                     System info: host: 'Q3GN0170', ip: '192.168.11.68', os.name: 'Windows 7', os.arch: 'x86', os.version: '6.1', java.version:
                     '1.8.0_40'
                     Driver info: driver.version: RemoteWebDriver
                     
                  </a>
                   
                  
               </td>
            </tr>
            <tr>
               <td colspan="4" class="detailsBox">
                  <div id="com.eztrackit.testcases.Run_OrganizationTest_testSearchOrganizations_byClass_FAIL4_details"
                       class="testMethodDetails">
                     <div>
                        <b>Name: </b>testSearchOrganizations
                     </div>
                     <div>
                        <b>Signature: </b>testSearchOrganizations()[pri:2, instance:com.eztrackit.testcases.Run_OrganizationTest@1c36524]
                     </div>
                     <div>
                        <b>Start time: </b>15:23:21
                     </div>
                     <div>
                        <b>End time: </b>15:23:35
                     </div>
                     <div>
                        <b>Duration: </b>14s
                        
                     </div>
                  </div>
               </td>
            </tr>
            <tr>
               <td colspan="4" class="detailsBox">
                  <div id="com.eztrackit.testcases.Run_OrganizationTest_testSearchOrganizations_byClass_FAIL4_exception"
                       class="testMethodDetails">
                     <pre style="padding: 5px; margin: 0;">org.openqa.selenium.remote.UnreachableBrowserException: Error communicating with the remote browser. It may have died.
                        Build info: version: '2.46.0', revision: '87c69e2', time: '2015-06-04 16:17:10'
                        System info: host: 'Q3GN0170', ip: '192.168.11.68', os.name: 'Windows 7', os.arch: 'x86', os.version: '6.1', java.version:
                        '1.8.0_40'
                        Driver info: driver.version: RemoteWebDriver
                        	at org.openqa.selenium.remote.RemoteWebDriver.execute(RemoteWebDriver.java:599)
                        	at org.openqa.selenium.remote.RemoteWebDriver.findElement(RemoteWebDriver.java:358)
                        	at org.openqa.selenium.remote.RemoteWebDriver.findElementByXPath(RemoteWebDriver.java:455)
                        	at org.openqa.selenium.By$ByXPath.findElement(By.java:358)
                        	at org.openqa.selenium.remote.RemoteWebDriver.findElement(RemoteWebDriver.java:350)
                        	at org.openqa.selenium.support.pagefactory.DefaultElementLocator.findElement(DefaultElementLocator.java:69)
                        	at org.openqa.selenium.support.pagefactory.internal.LocatingElementHandler.invoke(LocatingElementHandler.java:38)
                        	at com.sun.proxy.$Proxy8.isDisplayed(Unknown Source)
                        	at org.openqa.selenium.support.ui.ExpectedConditions.elementIfVisible(ExpectedConditions.java:302)
                        	at org.openqa.selenium.support.ui.ExpectedConditions.access$1(ExpectedConditions.java:301)
                        	at org.openqa.selenium.support.ui.ExpectedConditions$10.apply(ExpectedConditions.java:288)
                        	at org.openqa.selenium.support.ui.ExpectedConditions$10.apply(ExpectedConditions.java:1)
                        	at org.openqa.selenium.support.ui.ExpectedConditions$21.apply(ExpectedConditions.java:638)
                        	at org.openqa.selenium.support.ui.ExpectedConditions$21.apply(ExpectedConditions.java:1)
                        	at org.openqa.selenium.support.ui.FluentWait.until(FluentWait.java:209)
                        	at com.eztrackit.pages.LandingPage.Search_Organization(LandingPage.java:129)
                        	at com.eztrackit.testcases.Run_OrganizationTest.testSearchOrganizations(Run_OrganizationTest.java:78)
                        	at sun.reflect.NativeMethodAccessorImpl.invoke0(Native Method)
                        	at sun.reflect.NativeMethodAccessorImpl.invoke(NativeMethodAccessorImpl.java:62)
                        	at sun.reflect.DelegatingMethodAccessorImpl.invoke(DelegatingMethodAccessorImpl.java:43)
                        	at java.lang.reflect.Method.invoke(Method.java:497)
                        	at org.testng.internal.MethodInvocationHelper.invokeMethod(MethodInvocationHelper.java:86)
                        	at org.testng.internal.Invoker.invokeMethod(Invoker.java:645)
                        	at org.testng.internal.Invoker.invokeTestMethod(Invoker.java:822)
                        	at org.testng.internal.Invoker.invokeTestMethods(Invoker.java:1130)
                        	at org.testng.internal.TestMethodWorker.invokeTestMethods(TestMethodWorker.java:129)
                        	at org.testng.internal.TestMethodWorker.run(TestMethodWorker.java:112)
                        	at org.testng.TestRunner.privateRun(TestRunner.java:782)
                        	at org.testng.TestRunner.run(TestRunner.java:632)
                        	at org.testng.SuiteRunner.runTest(SuiteRunner.java:366)
                        	at org.testng.SuiteRunner.runSequentially(SuiteRunner.java:361)
                        	at org.testng.SuiteRunner.privateRun(SuiteRunner.java:319)
                        	at org.testng.SuiteRunner.run(SuiteRunner.java:268)
                        	at org.testng.SuiteRunnerWorker.runSuite(SuiteRunnerWorker.java:52)
                        	at org.testng.SuiteRunnerWorker.run(SuiteRunnerWorker.java:86)
                        	at org.testng.TestNG.runSuitesSequentially(TestNG.java:1244)
                        	at org.testng.TestNG.runSuitesLocally(TestNG.java:1169)
                        	at org.testng.TestNG.run(TestNG.java:1064)
                        	at org.testng.remote.RemoteTestNG.run(RemoteTestNG.java:113)
                        	at org.testng.remote.RemoteTestNG.initAndRun(RemoteTestNG.java:206)
                        	at org.testng.remote.RemoteTestNG.main(RemoteTestNG.java:177)
                        Caused by: org.apache.http.conn.HttpHostConnectException: Connect to 127.0.0.1:7055 [/127.0.0.1] failed: Connection refused:
                        connect
                        	at org.apache.http.impl.conn.DefaultHttpClientConnectionOperator.connect(DefaultHttpClientConnectionOperator.java:151)
                        	at org.apache.http.impl.conn.PoolingHttpClientConnectionManager.connect(PoolingHttpClientConnectionManager.java:353)
                        	at org.apache.http.impl.execchain.MainClientExec.establishRoute(MainClientExec.java:380)
                        	at org.apache.http.impl.execchain.MainClientExec.execute(MainClientExec.java:236)
                        	at org.apache.http.impl.execchain.ProtocolExec.execute(ProtocolExec.java:184)
                        	at org.apache.http.impl.execchain.RetryExec.execute(RetryExec.java:88)
                        	at org.apache.http.impl.execchain.RedirectExec.execute(RedirectExec.java:110)
                        	at org.apache.http.impl.client.InternalHttpClient.doExecute(InternalHttpClient.java:184)
                        	at org.apache.http.impl.client.CloseableHttpClient.execute(CloseableHttpClient.java:71)
                        	at org.apache.http.impl.client.CloseableHttpClient.execute(CloseableHttpClient.java:55)
                        	at org.openqa.selenium.remote.internal.ApacheHttpClient.fallBackExecute(ApacheHttpClient.java:161)
                        	at org.openqa.selenium.remote.internal.ApacheHttpClient.execute(ApacheHttpClient.java:89)
                        	at org.openqa.selenium.remote.HttpCommandExecutor.execute(HttpCommandExecutor.java:134)
                        	at org.openqa.selenium.firefox.internal.NewProfileExtensionConnection.execute(NewProfileExtensionConnection.java:168)
                        	at org.openqa.selenium.firefox.FirefoxDriver$LazyCommandExecutor.execute(FirefoxDriver.java:392)
                        	at org.openqa.selenium.remote.RemoteWebDriver.execute(RemoteWebDriver.java:578)
                        	... 40 more
                        Caused by: java.net.ConnectException: Connection refused: connect
                        	at java.net.DualStackPlainSocketImpl.waitForConnect(Native Method)
                        	at java.net.DualStackPlainSocketImpl.socketConnect(DualStackPlainSocketImpl.java:85)
                        	at java.net.AbstractPlainSocketImpl.doConnect(AbstractPlainSocketImpl.java:345)
                        	at java.net.AbstractPlainSocketImpl.connectToAddress(AbstractPlainSocketImpl.java:206)
                        	at java.net.AbstractPlainSocketImpl.connect(AbstractPlainSocketImpl.java:188)
                        	at java.net.PlainSocketImpl.connect(PlainSocketImpl.java:172)
                        	at java.net.SocksSocketImpl.connect(SocksSocketImpl.java:392)
                        	at java.net.Socket.connect(Socket.java:589)
                        	at org.apache.http.conn.socket.PlainConnectionSocketFactory.connectSocket(PlainConnectionSocketFactory.java:74)
                        	at org.apache.http.impl.conn.DefaultHttpClientConnectionOperator.connect(DefaultHttpClientConnectionOperator.java:134)
                        	... 55 more
                     </pre>
                  </div>
               </td>
            </tr>
            <tr id="com.eztrackit.testcases.Run_OrganizationTest_Initialize_byClass_PASS5_row"
                class="testMethodStatusPASS testMethodStatusCONF">
               <td width="100%" class="firstMethodCell">
                  <a onclick="toggleDetailsVisibility('com.eztrackit.testcases.Run_OrganizationTest_Initialize_byClass_PASS5_details')">Initialize()</a>
               </td>
               <td nowrap="true">15:23:21</td>
               <td nowrap="true" align="right">0 ms
                  
               </td>
               <td nowrap="true">
                   
                  
               </td>
            </tr>
            <tr>
               <td colspan="4" class="detailsBox">
                  <div id="com.eztrackit.testcases.Run_OrganizationTest_Initialize_byClass_PASS5_details"
                       class="testMethodDetails">
                     <div>
                        <b>Name: </b>Initialize
                     </div>
                     <div>
                        <b>Signature: </b>Initialize()[pri:0, instance:com.eztrackit.testcases.Run_OrganizationTest@1c36524]
                     </div>
                     <div>
                        <b>Start time: </b>15:23:21
                     </div>
                     <div>
                        <b>End time: </b>15:23:21
                     </div>
                     <div>
                        <b>Duration: </b>0 ms
                        
                     </div>
                  </div>
               </td>
            </tr>
            <tr></tr>
            <tr id="com.eztrackit.testcases.Run_OrganizationTest_teardown_byClass_FAIL6_row"
                class="testMethodStatusFAIL testMethodStatusCONF">
               <td width="100%" class="firstMethodCell">
                  <a onclick="toggleDetailsVisibility('com.eztrackit.testcases.Run_OrganizationTest_teardown_byClass_FAIL6_details')">teardown()</a>
               </td>
               <td nowrap="true">15:23:35</td>
               <td nowrap="true" align="right">0 ms
                  
               </td>
               <td nowrap="true">
                  <a onclick="toggleDetailsVisibility('com.eztrackit.testcases.Run_OrganizationTest_teardown_byClass_FAIL6_exception')">org.openqa.selenium.remote.UnreachableBrowserException: 
                     Error communicating with the remote browser. It may have died.
                     Build info: version: '2.46.0', revision: '87c69e2', time: '2015-06-04 16:17:10'
                     System info: host: 'Q3GN0170', ip: '192.168.11.68', os.name: 'Windows 7', os.arch: 'x86', os.version: '6.1', java.version:
                     '1.8.0_40'
                     Driver info: driver.version: RemoteWebDriver
                     
                  </a>
                   
                  
               </td>
            </tr>
            <tr>
               <td colspan="4" class="detailsBox">
                  <div id="com.eztrackit.testcases.Run_OrganizationTest_teardown_byClass_FAIL6_details"
                       class="testMethodDetails">
                     <div>
                        <b>Name: </b>teardown
                     </div>
                     <div>
                        <b>Signature: </b>teardown()[pri:0, instance:com.eztrackit.testcases.Run_OrganizationTest@1c36524]
                     </div>
                     <div>
                        <b>Start time: </b>15:23:35
                     </div>
                     <div>
                        <b>End time: </b>15:23:35
                     </div>
                     <div>
                        <b>Duration: </b>0 ms
                        
                     </div>
                  </div>
               </td>
            </tr>
            <tr>
               <td colspan="4" class="detailsBox">
                  <div id="com.eztrackit.testcases.Run_OrganizationTest_teardown_byClass_FAIL6_exception"
                       class="testMethodDetails">
                     <pre style="padding: 5px; margin: 0;">org.openqa.selenium.remote.UnreachableBrowserException: Error communicating with the remote browser. It may have died.
                        Build info: version: '2.46.0', revision: '87c69e2', time: '2015-06-04 16:17:10'
                        System info: host: 'Q3GN0170', ip: '192.168.11.68', os.name: 'Windows 7', os.arch: 'x86', os.version: '6.1', java.version:
                        '1.8.0_40'
                        Driver info: driver.version: RemoteWebDriver
                        	at org.openqa.selenium.remote.RemoteWebDriver.execute(RemoteWebDriver.java:599)
                        	at org.openqa.selenium.remote.RemoteWebDriver.execute(RemoteWebDriver.java:628)
                        	at org.openqa.selenium.remote.RemoteWebDriver.close(RemoteWebDriver.java:469)
                        	at com.eztrackit.testcases.Run_OrganizationTest.teardown(Run_OrganizationTest.java:98)
                        	at sun.reflect.NativeMethodAccessorImpl.invoke0(Native Method)
                        	at sun.reflect.NativeMethodAccessorImpl.invoke(NativeMethodAccessorImpl.java:62)
                        	at sun.reflect.DelegatingMethodAccessorImpl.invoke(DelegatingMethodAccessorImpl.java:43)
                        	at java.lang.reflect.Method.invoke(Method.java:497)
                        	at org.testng.internal.MethodInvocationHelper.invokeMethod(MethodInvocationHelper.java:86)
                        	at org.testng.internal.Invoker.invokeConfigurationMethod(Invoker.java:514)
                        	at org.testng.internal.Invoker.invokeConfigurations(Invoker.java:215)
                        	at org.testng.internal.Invoker.invokeConfigurations(Invoker.java:142)
                        	at org.testng.TestRunner.afterRun(TestRunner.java:1012)
                        	at org.testng.TestRunner.run(TestRunner.java:636)
                        	at org.testng.SuiteRunner.runTest(SuiteRunner.java:366)
                        	at org.testng.SuiteRunner.runSequentially(SuiteRunner.java:361)
                        	at org.testng.SuiteRunner.privateRun(SuiteRunner.java:319)
                        	at org.testng.SuiteRunner.run(SuiteRunner.java:268)
                        	at org.testng.SuiteRunnerWorker.runSuite(SuiteRunnerWorker.java:52)
                        	at org.testng.SuiteRunnerWorker.run(SuiteRunnerWorker.java:86)
                        	at org.testng.TestNG.runSuitesSequentially(TestNG.java:1244)
                        	at org.testng.TestNG.runSuitesLocally(TestNG.java:1169)
                        	at org.testng.TestNG.run(TestNG.java:1064)
                        	at org.testng.remote.RemoteTestNG.run(RemoteTestNG.java:113)
                        	at org.testng.remote.RemoteTestNG.initAndRun(RemoteTestNG.java:206)
                        	at org.testng.remote.RemoteTestNG.main(RemoteTestNG.java:177)
                        Caused by: org.apache.http.conn.HttpHostConnectException: Connect to 127.0.0.1:7055 [/127.0.0.1] failed: Connection refused:
                        connect
                        	at org.apache.http.impl.conn.DefaultHttpClientConnectionOperator.connect(DefaultHttpClientConnectionOperator.java:151)
                        	at org.apache.http.impl.conn.PoolingHttpClientConnectionManager.connect(PoolingHttpClientConnectionManager.java:353)
                        	at org.apache.http.impl.execchain.MainClientExec.establishRoute(MainClientExec.java:380)
                        	at org.apache.http.impl.execchain.MainClientExec.execute(MainClientExec.java:236)
                        	at org.apache.http.impl.execchain.ProtocolExec.execute(ProtocolExec.java:184)
                        	at org.apache.http.impl.execchain.RetryExec.execute(RetryExec.java:88)
                        	at org.apache.http.impl.execchain.RedirectExec.execute(RedirectExec.java:110)
                        	at org.apache.http.impl.client.InternalHttpClient.doExecute(InternalHttpClient.java:184)
                        	at org.apache.http.impl.client.CloseableHttpClient.execute(CloseableHttpClient.java:71)
                        	at org.apache.http.impl.client.CloseableHttpClient.execute(CloseableHttpClient.java:55)
                        	at org.openqa.selenium.remote.internal.ApacheHttpClient.fallBackExecute(ApacheHttpClient.java:143)
                        	at org.openqa.selenium.remote.internal.ApacheHttpClient.execute(ApacheHttpClient.java:89)
                        	at org.openqa.selenium.remote.HttpCommandExecutor.execute(HttpCommandExecutor.java:134)
                        	at org.openqa.selenium.firefox.internal.NewProfileExtensionConnection.execute(NewProfileExtensionConnection.java:168)
                        	at org.openqa.selenium.firefox.FirefoxDriver$LazyCommandExecutor.execute(FirefoxDriver.java:392)
                        	at org.openqa.selenium.remote.RemoteWebDriver.execute(RemoteWebDriver.java:578)
                        	... 25 more
                        Caused by: java.net.ConnectException: Connection refused: connect
                        	at java.net.DualStackPlainSocketImpl.waitForConnect(Native Method)
                        	at java.net.DualStackPlainSocketImpl.socketConnect(DualStackPlainSocketImpl.java:85)
                        	at java.net.AbstractPlainSocketImpl.doConnect(AbstractPlainSocketImpl.java:345)
                        	at java.net.AbstractPlainSocketImpl.connectToAddress(AbstractPlainSocketImpl.java:206)
                        	at java.net.AbstractPlainSocketImpl.connect(AbstractPlainSocketImpl.java:188)
                        	at java.net.PlainSocketImpl.connect(PlainSocketImpl.java:172)
                        	at java.net.SocksSocketImpl.connect(SocksSocketImpl.java:392)
                        	at java.net.Socket.connect(Socket.java:589)
                        	at org.apache.http.conn.socket.PlainConnectionSocketFactory.connectSocket(PlainConnectionSocketFactory.java:74)
                        	at org.apache.http.impl.conn.DefaultHttpClientConnectionOperator.connect(DefaultHttpClientConnectionOperator.java:134)
                        	... 40 more
                     </pre>
                  </div>
               </td>
            </tr>
         </table>
         <br></br>
      </div>
      <div style="margin-top: 15px; color: gray; text-align: center; font-size: 9px;">
         Generated with
         
         <a href="http://code.google.com/p/testng-xslt/" style="color: #8888aa;"
            target="_blank">
            TestNG XSLT
            
         </a>
      </div>
   </body>
</html>