<?xml version="1.0" encoding="UTF-8"?>
<!-- Generated by org.testng.reporters.JUnitXMLReporter -->
<testsuite hostname="TL04" ignored="0" name="Test Login" tests="2" failures="0" timestamp="07 Jul 2017 14:10:55 GMT" time="51.787" errors="0">
  <testcase name="Initialize" time="0.003" classname="com.tradeleaves.marketplace.testcases.signin.Run_SignInTest"/>
  <testcase name="testLogin" time="42.8" classname="com.tradeleaves.marketplace.testcases.signin.Run_SignInTest"/>
</testsuite> <!-- Test Login -->
