<?xml version="1.0" encoding="UTF-8"?>
<!-- Generated by org.testng.reporters.JUnitXMLReporter -->
<testsuite hostname="TL12" ignored="0" name="Test UI text changes, changed font styles, alignements" tests="2" failures="0" timestamp="30 Oct 2018 04:58:17 GMT" time="17.436" errors="0">
  <testcase name="@BeforeTest setUp" time="17.293" classname="com.tradeleaves.marketplace.testcases.uicheckonpages.Run_UICheckOnStaticPages">
    <failure type="org.openqa.selenium.SessionNotCreatedException" message="Unable to create new remote session. desired capabilities = Capabilities [{marionette=true, firefoxOptions=org.openqa.selenium.firefox.FirefoxOptions@707194ba, browserName=firefox, moz:firefoxOptions=org.openqa.selenium.firefox.FirefoxOptions@707194ba, version=, platform=ANY}], required capabilities = Capabilities [{}]
Build info: version: &amp;apos;unknown&amp;apos;, revision: &amp;apos;1969d75&amp;apos;, time: &amp;apos;2016-10-18 09:43:45 -0700&amp;apos;
System info: host: &amp;apos;TL12&amp;apos;, ip: &amp;apos;192.168.241.205&amp;apos;, os.name: &amp;apos;Windows 8.1&amp;apos;, os.arch: &amp;apos;amd64&amp;apos;, os.version: &amp;apos;6.3&amp;apos;, java.version: &amp;apos;1.8.0_144&amp;apos;
Driver info: driver.version: FirefoxDriver">
      <![CDATA[org.openqa.selenium.SessionNotCreatedException: Unable to create new remote session. desired capabilities = Capabilities [{marionette=true, firefoxOptions=org.openqa.selenium.firefox.FirefoxOptions@707194ba, browserName=firefox, moz:firefoxOptions=org.openqa.selenium.firefox.FirefoxOptions@707194ba, version=, platform=ANY}], required capabilities = Capabilities [{}]
Build info: version: 'unknown', revision: '1969d75', time: '2016-10-18 09:43:45 -0700'
System info: host: 'TL12', ip: '192.168.241.205', os.name: 'Windows 8.1', os.arch: 'amd64', os.version: '6.3', java.version: '1.8.0_144'
Driver info: driver.version: FirefoxDriver
	at org.openqa.selenium.remote.ProtocolHandshake.createSession(ProtocolHandshake.java:91)
	at org.openqa.selenium.remote.HttpCommandExecutor.execute(HttpCommandExecutor.java:141)
	at org.openqa.selenium.remote.service.DriverCommandExecutor.execute(DriverCommandExecutor.java:82)
	at org.openqa.selenium.remote.RemoteWebDriver.execute(RemoteWebDriver.java:601)
	at org.openqa.selenium.remote.RemoteWebDriver.startSession(RemoteWebDriver.java:241)
	at org.openqa.selenium.remote.RemoteWebDriver.<init>(RemoteWebDriver.java:128)
	at org.openqa.selenium.firefox.FirefoxDriver.<init>(FirefoxDriver.java:259)
	at org.openqa.selenium.firefox.FirefoxDriver.<init>(FirefoxDriver.java:247)
	at org.openqa.selenium.firefox.FirefoxDriver.<init>(FirefoxDriver.java:242)
	at org.openqa.selenium.firefox.FirefoxDriver.<init>(FirefoxDriver.java:135)
	at com.tradeleaves.marketplace.baseautomation.Baseautomation.launchBrowser(Baseautomation.java:100)
	at com.tradeleaves.marketplace.baseautomation.Baseautomation.launchINSite(Baseautomation.java:154)
	at com.tradeleaves.marketplace.baseautomation.Baseautomation.launchMarketplaceApplicationIN(Baseautomation.java:61)
	at com.tradeleaves.marketplace.testcases.uicheckonpages.Run_UICheckOnStaticPages.setUp(Run_UICheckOnStaticPages.java:52)
... Removed 23 stack frames]]>
    </failure>
  </testcase> <!-- @BeforeTest setUp -->
  <testcase name="Initialize" time="0.0" classname="com.tradeleaves.marketplace.testcases.uicheckonpages.Run_UICheckOnStaticPages">
    <skipped/>
  </testcase> <!-- Initialize -->
  <testcase name="testUICheckOnPage" time="0.0" classname="com.tradeleaves.marketplace.testcases.uicheckonpages.Run_UICheckOnStaticPages">
    <skipped/>
  </testcase> <!-- testUICheckOnPage -->
</testsuite> <!-- Test UI text changes, changed font styles, alignements -->
