<?xml version="1.0" encoding="UTF-8"?>
<!-- Generated by org.testng.reporters.JUnitXMLReporter -->
<testsuite hostname="TL12" ignored="0" name="Test UI text changes, changed font styles, alignements in company reg page" tests="2" failures="1" timestamp="30 Oct 2018 05:15:20 GMT" time="32.855" errors="0">
  <testcase name="Initialize" time="0.019" classname="com.tradeleaves.marketplace.testcases.uicheckonpages.Run_UICheckOnComreg"/>
  <testcase name="testUICheckOnPage" time="26.066" classname="com.tradeleaves.marketplace.testcases.uicheckonpages.Run_UICheckOnComreg">
    <failure type="com.applitools.eyes.NewTestException" message="&amp;apos;TradeLeaves-Company registration page1) Windows:8.1, 
2) Screen Resolution:1440x804)&amp;apos; of &amp;apos;TradeLeaves&amp;apos;. Please approve the new baseline at https://eyes.applitools.com/app/batches/00000251861424285507/00000251861424285304?accountId=EMQbb8FtqkunUI3iJDFGUw~~">
      <![CDATA[com.applitools.eyes.NewTestException: 'TradeLeaves-Company registration page1) Windows:8.1, 
2) Screen Resolution:1440x804)' of 'TradeLeaves'. Please approve the new baseline at https://eyes.applitools.com/app/batches/00000251861424285507/00000251861424285304?accountId=EMQbb8FtqkunUI3iJDFGUw~~
	at com.applitools.eyes.EyesBase.close(EyesBase.java:638)
	at com.applitools.eyes.EyesBase.close(EyesBase.java:561)
	at com.tradeleaves.marketplace.utility.Utility.KeywordDataExecution(Utility.java:602)
	at com.tradeleaves.marketplace.pages.UICheckOnComreg.doUICheckOnComreg(UICheckOnComreg.java:19)
	at com.tradeleaves.marketplace.testcases.uicheckonpages.Run_UICheckOnComreg.testUICheckOnPage(Run_UICheckOnComreg.java:64)
... Removed 25 stack frames]]>
    </failure>
  </testcase> <!-- testUICheckOnPage -->
</testsuite> <!-- Test UI text changes, changed font styles, alignements in company reg page -->
